<?xml version="1.0" encoding="UTF-8"?>
<robot generator="Robot 3.1.2 (Python 3.7.4 on darwin)" generated="20200302 14:19:58.874" rpa="false">
<suite id="s1" name="Test" source="/Users/sreshamwala/Sites/PycharmProjects/kc_webform_test/Tests/test.robot">
<kw name="Open Home Page" library="test_webform" type="setup">
<kw name="Open Browser" library="SeleniumLibrary">
<doc>Opens a new browser instance to the optional ``url``.</doc>
<arguments>
<arg>${URL}</arg>
<arg>${BROWSER}</arg>
</arguments>
<msg timestamp="20200302 14:19:59.109" level="INFO">Opening browser 'Chrome' to base url 'http://www.kcd8-local.dd/form/quick-contact-contact-us'.</msg>
<status status="PASS" starttime="20200302 14:19:59.109" endtime="20200302 14:20:11.950"></status>
</kw>
<status status="PASS" starttime="20200302 14:19:59.108" endtime="20200302 14:20:11.951"></status>
</kw>
<test id="s1-t1" name="The user can submit webform">
<kw name="Select First Name" library="test_webform">
<arguments>
<arg>Shabbir</arg>
</arguments>
<kw name="Input Text" library="SeleniumLibrary">
<doc>Types the given ``text`` into the text field identified by ``locator``.</doc>
<arguments>
<arg>xpath://input[@name='first_name']</arg>
<arg>${first_name}</arg>
</arguments>
<msg timestamp="20200302 14:20:11.954" level="INFO">Typing text 'Shabbir' into text field 'xpath://input[@name='first_name']'.</msg>
<status status="PASS" starttime="20200302 14:20:11.953" endtime="20200302 14:20:12.135"></status>
</kw>
<status status="PASS" starttime="20200302 14:20:11.953" endtime="20200302 14:20:12.135"></status>
</kw>
<kw name="Select Last Name" library="test_webform">
<arguments>
<arg>Reshamwala</arg>
</arguments>
<kw name="Input Text" library="SeleniumLibrary">
<doc>Types the given ``text`` into the text field identified by ``locator``.</doc>
<arguments>
<arg>xpath://input[@name='last_name']</arg>
<arg>${last_name}</arg>
</arguments>
<msg timestamp="20200302 14:20:12.136" level="INFO">Typing text 'Reshamwala' into text field 'xpath://input[@name='last_name']'.</msg>
<status status="PASS" starttime="20200302 14:20:12.136" endtime="20200302 14:20:12.235"></status>
</kw>
<status status="PASS" starttime="20200302 14:20:12.135" endtime="20200302 14:20:12.235"></status>
</kw>
<kw name="Select Company" library="test_webform">
<arguments>
<arg>Mirum</arg>
</arguments>
<kw name="Input Text" library="SeleniumLibrary">
<doc>Types the given ``text`` into the text field identified by ``locator``.</doc>
<arguments>
<arg>xpath://input[@name='company']</arg>
<arg>${company}</arg>
</arguments>
<msg timestamp="20200302 14:20:12.236" level="INFO">Typing text 'Mirum' into text field 'xpath://input[@name='company']'.</msg>
<status status="PASS" starttime="20200302 14:20:12.236" endtime="20200302 14:20:12.309"></status>
</kw>
<status status="PASS" starttime="20200302 14:20:12.235" endtime="20200302 14:20:12.309"></status>
</kw>
<kw name="Select Email" library="test_webform">
<arguments>
<arg>a@b.c</arg>
</arguments>
<kw name="Input Text" library="SeleniumLibrary">
<doc>Types the given ``text`` into the text field identified by ``locator``.</doc>
<arguments>
<arg>name: email</arg>
<arg>${email}</arg>
</arguments>
<msg timestamp="20200302 14:20:12.311" level="INFO">Typing text 'a@b.c' into text field 'name: email'.</msg>
<status status="PASS" starttime="20200302 14:20:12.310" endtime="20200302 14:20:12.403"></status>
</kw>
<status status="PASS" starttime="20200302 14:20:12.310" endtime="20200302 14:20:12.403"></status>
</kw>
<kw name="Select Comment" library="test_webform">
<arguments>
<arg>Mirum Testing</arg>
</arguments>
<kw name="Input Text" library="SeleniumLibrary">
<doc>Types the given ``text`` into the text field identified by ``locator``.</doc>
<arguments>
<arg>name: user_comment</arg>
<arg>${comment}</arg>
</arguments>
<msg timestamp="20200302 14:20:12.404" level="INFO">Typing text 'Mirum Testing' into text field 'name: user_comment'.</msg>
<status status="PASS" starttime="20200302 14:20:12.403" endtime="20200302 14:20:12.515"></status>
</kw>
<status status="PASS" starttime="20200302 14:20:12.403" endtime="20200302 14:20:12.515"></status>
</kw>
<kw name="Select Terms" library="test_webform">
<kw name="Execute Javascript" library="SeleniumLibrary">
<doc>Executes the given JavaScript code with possible arguments.</doc>
<arguments>
<arg>document.getElementById("edit-terms-and-conditions").checked = true;</arg>
</arguments>
<msg timestamp="20200302 14:20:12.517" level="INFO">Executing JavaScript:
document.getElementById("edit-terms-and-conditions").checked = true;
Without any arguments.</msg>
<status status="PASS" starttime="20200302 14:20:12.516" endtime="20200302 14:20:12.521"></status>
</kw>
<status status="PASS" starttime="20200302 14:20:12.515" endtime="20200302 14:20:12.521"></status>
</kw>
<kw name="Submit Webform" library="test_webform">
<kw name="Click Button" library="SeleniumLibrary">
<doc>Clicks the button identified by ``locator``.</doc>
<arguments>
<arg>Send Inquiry</arg>
</arguments>
<msg timestamp="20200302 14:20:12.522" level="INFO">Clicking button 'Send Inquiry'.</msg>
<status status="PASS" starttime="20200302 14:20:12.522" endtime="20200302 14:20:12.605"></status>
</kw>
<kw name="${INDEX} IN RANGE [ 1 | 5000 ]" type="for">
<kw name="${INDEX} = 1" type="foritem">
<kw name="Execute Javascript" library="SeleniumLibrary">
<doc>Executes the given JavaScript code with possible arguments.</doc>
<arguments>
<arg>return window.jQuery!=undefined &amp;&amp; jQuery.active==0</arg>
</arguments>
<assign>
<var>${IsAjaxComplete}</var>
</assign>
<msg timestamp="20200302 14:20:12.607" level="INFO">Executing JavaScript:
return window.jQuery!=undefined &amp;&amp; jQuery.active==0
Without any arguments.</msg>
<msg timestamp="20200302 14:20:12.612" level="INFO">${IsAjaxComplete} = False</msg>
<status status="PASS" starttime="20200302 14:20:12.606" endtime="20200302 14:20:12.612"></status>
</kw>
<kw name="Log" library="BuiltIn">
<doc>Logs the given message with the given level.</doc>
<arguments>
<arg>${INDEX}</arg>
</arguments>
<msg timestamp="20200302 14:20:12.612" level="INFO">1</msg>
<status status="PASS" starttime="20200302 14:20:12.612" endtime="20200302 14:20:12.612"></status>
</kw>
<kw name="Log" library="BuiltIn">
<doc>Logs the given message with the given level.</doc>
<arguments>
<arg>${IsAjaxComplete}</arg>
</arguments>
<msg timestamp="20200302 14:20:12.613" level="INFO">False</msg>
<status status="PASS" starttime="20200302 14:20:12.612" endtime="20200302 14:20:12.613"></status>
</kw>
<kw name="Run Keyword If" library="BuiltIn">
<doc>Runs the given keyword with the given arguments, if ``condition`` is true.</doc>
<arguments>
<arg>${IsAjaxComplete}==True</arg>
<arg>Exit For Loop</arg>
</arguments>
<status status="PASS" starttime="20200302 14:20:12.613" endtime="20200302 14:20:12.613"></status>
</kw>
<status status="PASS" starttime="20200302 14:20:12.606" endtime="20200302 14:20:12.613"></status>
</kw>
<kw name="${INDEX} = 2" type="foritem">
<kw name="Execute Javascript" library="SeleniumLibrary">
<doc>Executes the given JavaScript code with possible arguments.</doc>
<arguments>
<arg>return window.jQuery!=undefined &amp;&amp; jQuery.active==0</arg>
</arguments>
<assign>
<var>${IsAjaxComplete}</var>
</assign>
<msg timestamp="20200302 14:20:12.614" level="INFO">Executing JavaScript:
return window.jQuery!=undefined &amp;&amp; jQuery.active==0
Without any arguments.</msg>
<msg timestamp="20200302 14:20:12.618" level="INFO">${IsAjaxComplete} = False</msg>
<status status="PASS" starttime="20200302 14:20:12.613" endtime="20200302 14:20:12.618"></status>
</kw>
<kw name="Log" library="BuiltIn">
<doc>Logs the given message with the given level.</doc>
<arguments>
<arg>${INDEX}</arg>
</arguments>
<msg timestamp="20200302 14:20:12.619" level="INFO">2</msg>
<status status="PASS" starttime="20200302 14:20:12.619" endtime="20200302 14:20:12.619"></status>
</kw>
<kw name="Log" library="BuiltIn">
<doc>Logs the given message with the given level.</doc>
<arguments>
<arg>${IsAjaxComplete}</arg>
</arguments>
<msg timestamp="20200302 14:20:12.619" level="INFO">False</msg>
<status status="PASS" starttime="20200302 14:20:12.619" endtime="20200302 14:20:12.619"></status>
</kw>
<kw name="Run Keyword If" library="BuiltIn">
<doc>Runs the given keyword with the given arguments, if ``condition`` is true.</doc>
<arguments>
<arg>${IsAjaxComplete}==True</arg>
<arg>Exit For Loop</arg>
</arguments>
<status status="PASS" starttime="20200302 14:20:12.620" endtime="20200302 14:20:12.620"></status>
</kw>
<status status="PASS" starttime="20200302 14:20:12.613" endtime="20200302 14:20:12.620"></status>
</kw>
<kw name="${INDEX} = 3" type="foritem">
<kw name="Execute Javascript" library="SeleniumLibrary">
<doc>Executes the given JavaScript code with possible arguments.</doc>
<arguments>
<arg>return window.jQuery!=undefined &amp;&amp; jQuery.active==0</arg>
</arguments>
<assign>
<var>${IsAjaxComplete}</var>
</assign>
<msg timestamp="20200302 14:20:12.621" level="INFO">Executing JavaScript:
return window.jQuery!=undefined &amp;&amp; jQuery.active==0
Without any arguments.</msg>
<msg timestamp="20200302 14:20:12.624" level="INFO">${IsAjaxComplete} = False</msg>
<status status="PASS" starttime="20200302 14:20:12.620" endtime="20200302 14:20:12.624"></status>
</kw>
<kw name="Log" library="BuiltIn">
<doc>Logs the given message with the given level.</doc>
<arguments>
<arg>${INDEX}</arg>
</arguments>
<msg timestamp="20200302 14:20:12.625" level="INFO">3</msg>
<status status="PASS" starttime="20200302 14:20:12.624" endtime="20200302 14:20:12.625"></status>
</kw>
<kw name="Log" library="BuiltIn">
<doc>Logs the given message with the given level.</doc>
<arguments>
<arg>${IsAjaxComplete}</arg>
</arguments>
<msg timestamp="20200302 14:20:12.625" level="INFO">False</msg>
<status status="PASS" starttime="20200302 14:20:12.625" endtime="20200302 14:20:12.625"></status>
</kw>
<kw name="Run Keyword If" library="BuiltIn">
<doc>Runs the given keyword with the given arguments, if ``condition`` is true.</doc>
<arguments>
<arg>${IsAjaxComplete}==True</arg>
<arg>Exit For Loop</arg>
</arguments>
<status status="PASS" starttime="20200302 14:20:12.625" endtime="20200302 14:20:12.625"></status>
</kw>
<status status="PASS" starttime="20200302 14:20:12.620" endtime="20200302 14:20:12.625"></status>
</kw>
<kw name="${INDEX} = 4" type="foritem">
<kw name="Execute Javascript" library="SeleniumLibrary">
<doc>Executes the given JavaScript code with possible arguments.</doc>
<arguments>
<arg>return window.jQuery!=undefined &amp;&amp; jQuery.active==0</arg>
</arguments>
<assign>
<var>${IsAjaxComplete}</var>
</assign>
<msg timestamp="20200302 14:20:12.626" level="INFO">Executing JavaScript:
return window.jQuery!=undefined &amp;&amp; jQuery.active==0
Without any arguments.</msg>
<msg timestamp="20200302 14:20:12.630" level="INFO">${IsAjaxComplete} = False</msg>
<status status="PASS" starttime="20200302 14:20:12.626" endtime="20200302 14:20:12.630"></status>
</kw>
<kw name="Log" library="BuiltIn">
<doc>Logs the given message with the given level.</doc>
<arguments>
<arg>${INDEX}</arg>
</arguments>
<msg timestamp="20200302 14:20:12.630" level="INFO">4</msg>
<status status="PASS" starttime="20200302 14:20:12.630" endtime="20200302 14:20:12.630"></status>
</kw>
<kw name="Log" library="BuiltIn">
<doc>Logs the given message with the given level.</doc>
<arguments>
<arg>${IsAjaxComplete}</arg>
</arguments>
<msg timestamp="20200302 14:20:12.630" level="INFO">False</msg>
<status status="PASS" starttime="20200302 14:20:12.630" endtime="20200302 14:20:12.631"></status>
</kw>
<kw name="Run Keyword If" library="BuiltIn">
<doc>Runs the given keyword with the given arguments, if ``condition`` is true.</doc>
<arguments>
<arg>${IsAjaxComplete}==True</arg>
<arg>Exit For Loop</arg>
</arguments>
<status status="PASS" starttime="20200302 14:20:12.631" endtime="20200302 14:20:12.631"></status>
</kw>
<status status="PASS" starttime="20200302 14:20:12.626" endtime="20200302 14:20:12.631"></status>
</kw>
<kw name="${INDEX} = 5" type="foritem">
<kw name="Execute Javascript" library="SeleniumLibrary">
<doc>Executes the given JavaScript code with possible arguments.</doc>
<arguments>
<arg>return window.jQuery!=undefined &amp;&amp; jQuery.active==0</arg>
</arguments>
<assign>
<var>${IsAjaxComplete}</var>
</assign>
<msg timestamp="20200302 14:20:12.632" level="INFO">Executing JavaScript:
return window.jQuery!=undefined &amp;&amp; jQuery.active==0
Without any arguments.</msg>
<msg timestamp="20200302 14:20:12.637" level="INFO">${IsAjaxComplete} = False</msg>
<status status="PASS" starttime="20200302 14:20:12.632" endtime="20200302 14:20:12.637"></status>
</kw>
<kw name="Log" library="BuiltIn">
<doc>Logs the given message with the given level.</doc>
<arguments>
<arg>${INDEX}</arg>
</arguments>
<msg timestamp="20200302 14:20:12.638" level="INFO">5</msg>
<status status="PASS" starttime="20200302 14:20:12.637" endtime="20200302 14:20:12.638"></status>
</kw>
<kw name="Log" library="BuiltIn">
<doc>Logs the given message with the given level.</doc>
<arguments>
<arg>${IsAjaxComplete}</arg>
</arguments>
<msg timestamp="20200302 14:20:12.638" level="INFO">False</msg>
<status status="PASS" starttime="20200302 14:20:12.638" endtime="20200302 14:20:12.638"></status>
</kw>
<kw name="Run Keyword If" library="BuiltIn">
<doc>Runs the given keyword with the given arguments, if ``condition`` is true.</doc>
<arguments>
<arg>${IsAjaxComplete}==True</arg>
<arg>Exit For Loop</arg>
</arguments>
<status status="PASS" starttime="20200302 14:20:12.639" endtime="20200302 14:20:12.639"></status>
</kw>
<status status="PASS" starttime="20200302 14:20:12.631" endtime="20200302 14:20:12.639"></status>
</kw>
<kw name="${INDEX} = 6" type="foritem">
<kw name="Execute Javascript" library="SeleniumLibrary">
<doc>Executes the given JavaScript code with possible arguments.</doc>
<arguments>
<arg>return window.jQuery!=undefined &amp;&amp; jQuery.active==0</arg>
</arguments>
<assign>
<var>${IsAjaxComplete}</var>
</assign>
<msg timestamp="20200302 14:20:12.640" level="INFO">Executing JavaScript:
return window.jQuery!=undefined &amp;&amp; jQuery.active==0
Without any arguments.</msg>
<msg timestamp="20200302 14:20:12.717" level="INFO">${IsAjaxComplete} = False</msg>
<status status="PASS" starttime="20200302 14:20:12.639" endtime="20200302 14:20:12.717"></status>
</kw>
<kw name="Log" library="BuiltIn">
<doc>Logs the given message with the given level.</doc>
<arguments>
<arg>${INDEX}</arg>
</arguments>
<msg timestamp="20200302 14:20:12.717" level="INFO">6</msg>
<status status="PASS" starttime="20200302 14:20:12.717" endtime="20200302 14:20:12.717"></status>
</kw>
<kw name="Log" library="BuiltIn">
<doc>Logs the given message with the given level.</doc>
<arguments>
<arg>${IsAjaxComplete}</arg>
</arguments>
<msg timestamp="20200302 14:20:12.717" level="INFO">False</msg>
<status status="PASS" starttime="20200302 14:20:12.717" endtime="20200302 14:20:12.717"></status>
</kw>
<kw name="Run Keyword If" library="BuiltIn">
<doc>Runs the given keyword with the given arguments, if ``condition`` is true.</doc>
<arguments>
<arg>${IsAjaxComplete}==True</arg>
<arg>Exit For Loop</arg>
</arguments>
<status status="PASS" starttime="20200302 14:20:12.718" endtime="20200302 14:20:12.718"></status>
</kw>
<status status="PASS" starttime="20200302 14:20:12.639" endtime="20200302 14:20:12.718"></status>
</kw>
<kw name="${INDEX} = 7" type="foritem">
<kw name="Execute Javascript" library="SeleniumLibrary">
<doc>Executes the given JavaScript code with possible arguments.</doc>
<arguments>
<arg>return window.jQuery!=undefined &amp;&amp; jQuery.active==0</arg>
</arguments>
<assign>
<var>${IsAjaxComplete}</var>
</assign>
<msg timestamp="20200302 14:20:12.718" level="INFO">Executing JavaScript:
return window.jQuery!=undefined &amp;&amp; jQuery.active==0
Without any arguments.</msg>
<msg timestamp="20200302 14:20:12.767" level="INFO">${IsAjaxComplete} = False</msg>
<status status="PASS" starttime="20200302 14:20:12.718" endtime="20200302 14:20:12.767"></status>
</kw>
<kw name="Log" library="BuiltIn">
<doc>Logs the given message with the given level.</doc>
<arguments>
<arg>${INDEX}</arg>
</arguments>
<msg timestamp="20200302 14:20:12.768" level="INFO">7</msg>
<status status="PASS" starttime="20200302 14:20:12.767" endtime="20200302 14:20:12.768"></status>
</kw>
<kw name="Log" library="BuiltIn">
<doc>Logs the given message with the given level.</doc>
<arguments>
<arg>${IsAjaxComplete}</arg>
</arguments>
<msg timestamp="20200302 14:20:12.768" level="INFO">False</msg>
<status status="PASS" starttime="20200302 14:20:12.768" endtime="20200302 14:20:12.769"></status>
</kw>
<kw name="Run Keyword If" library="BuiltIn">
<doc>Runs the given keyword with the given arguments, if ``condition`` is true.</doc>
<arguments>
<arg>${IsAjaxComplete}==True</arg>
<arg>Exit For Loop</arg>
</arguments>
<status status="PASS" starttime="20200302 14:20:12.769" endtime="20200302 14:20:12.769"></status>
</kw>
<status status="PASS" starttime="20200302 14:20:12.718" endtime="20200302 14:20:12.769"></status>
</kw>
<kw name="${INDEX} = 8" type="foritem">
<kw name="Execute Javascript" library="SeleniumLibrary">
<doc>Executes the given JavaScript code with possible arguments.</doc>
<arguments>
<arg>return window.jQuery!=undefined &amp;&amp; jQuery.active==0</arg>
</arguments>
<assign>
<var>${IsAjaxComplete}</var>
</assign>
<msg timestamp="20200302 14:20:12.769" level="INFO">Executing JavaScript:
return window.jQuery!=undefined &amp;&amp; jQuery.active==0
Without any arguments.</msg>
<msg timestamp="20200302 14:20:12.785" level="INFO">${IsAjaxComplete} = False</msg>
<status status="PASS" starttime="20200302 14:20:12.769" endtime="20200302 14:20:12.785"></status>
</kw>
<kw name="Log" library="BuiltIn">
<doc>Logs the given message with the given level.</doc>
<arguments>
<arg>${INDEX}</arg>
</arguments>
<msg timestamp="20200302 14:20:12.786" level="INFO">8</msg>
<status status="PASS" starttime="20200302 14:20:12.785" endtime="20200302 14:20:12.786"></status>
</kw>
<kw name="Log" library="BuiltIn">
<doc>Logs the given message with the given level.</doc>
<arguments>
<arg>${IsAjaxComplete}</arg>
</arguments>
<msg timestamp="20200302 14:20:12.786" level="INFO">False</msg>
<status status="PASS" starttime="20200302 14:20:12.786" endtime="20200302 14:20:12.786"></status>
</kw>
<kw name="Run Keyword If" library="BuiltIn">
<doc>Runs the given keyword with the given arguments, if ``condition`` is true.</doc>
<arguments>
<arg>${IsAjaxComplete}==True</arg>
<arg>Exit For Loop</arg>
</arguments>
<status status="PASS" starttime="20200302 14:20:12.787" endtime="20200302 14:20:12.787"></status>
</kw>
<status status="PASS" starttime="20200302 14:20:12.769" endtime="20200302 14:20:12.787"></status>
</kw>
<kw name="${INDEX} = 9" type="foritem">
<kw name="Execute Javascript" library="SeleniumLibrary">
<doc>Executes the given JavaScript code with possible arguments.</doc>
<arguments>
<arg>return window.jQuery!=undefined &amp;&amp; jQuery.active==0</arg>
</arguments>
<assign>
<var>${IsAjaxComplete}</var>
</assign>
<msg timestamp="20200302 14:20:12.788" level="INFO">Executing JavaScript:
return window.jQuery!=undefined &amp;&amp; jQuery.active==0
Without any arguments.</msg>
<msg timestamp="20200302 14:20:12.793" level="INFO">${IsAjaxComplete} = False</msg>
<status status="PASS" starttime="20200302 14:20:12.787" endtime="20200302 14:20:12.793"></status>
</kw>
<kw name="Log" library="BuiltIn">
<doc>Logs the given message with the given level.</doc>
<arguments>
<arg>${INDEX}</arg>
</arguments>
<msg timestamp="20200302 14:20:12.793" level="INFO">9</msg>
<status status="PASS" starttime="20200302 14:20:12.793" endtime="20200302 14:20:12.793"></status>
</kw>
<kw name="Log" library="BuiltIn">
<doc>Logs the given message with the given level.</doc>
<arguments>
<arg>${IsAjaxComplete}</arg>
</arguments>
<msg timestamp="20200302 14:20:12.793" level="INFO">False</msg>
<status status="PASS" starttime="20200302 14:20:12.793" endtime="20200302 14:20:12.793"></status>
</kw>
<kw name="Run Keyword If" library="BuiltIn">
<doc>Runs the given keyword with the given arguments, if ``condition`` is true.</doc>
<arguments>
<arg>${IsAjaxComplete}==True</arg>
<arg>Exit For Loop</arg>
</arguments>
<status status="PASS" starttime="20200302 14:20:12.794" endtime="20200302 14:20:12.794"></status>
</kw>
<status status="PASS" starttime="20200302 14:20:12.787" endtime="20200302 14:20:12.794"></status>
</kw>
<kw name="${INDEX} = 10" type="foritem">
<kw name="Execute Javascript" library="SeleniumLibrary">
<doc>Executes the given JavaScript code with possible arguments.</doc>
<arguments>
<arg>return window.jQuery!=undefined &amp;&amp; jQuery.active==0</arg>
</arguments>
<assign>
<var>${IsAjaxComplete}</var>
</assign>
<msg timestamp="20200302 14:20:12.794" level="INFO">Executing JavaScript:
return window.jQuery!=undefined &amp;&amp; jQuery.active==0
Without any arguments.</msg>
<msg timestamp="20200302 14:20:12.798" level="INFO">${IsAjaxComplete} = False</msg>
<status status="PASS" starttime="20200302 14:20:12.794" endtime="20200302 14:20:12.798"></status>
</kw>
<kw name="Log" library="BuiltIn">
<doc>Logs the given message with the given level.</doc>
<arguments>
<arg>${INDEX}</arg>
</arguments>
<msg timestamp="20200302 14:20:12.798" level="INFO">10</msg>
<status status="PASS" starttime="20200302 14:20:12.798" endtime="20200302 14:20:12.798"></status>
</kw>
<kw name="Log" library="BuiltIn">
<doc>Logs the given message with the given level.</doc>
<arguments>
<arg>${IsAjaxComplete}</arg>
</arguments>
<msg timestamp="20200302 14:20:12.799" level="INFO">False</msg>
<status status="PASS" starttime="20200302 14:20:12.799" endtime="20200302 14:20:12.799"></status>
</kw>
<kw name="Run Keyword If" library="BuiltIn">
<doc>Runs the given keyword with the given arguments, if ``condition`` is true.</doc>
<arguments>
<arg>${IsAjaxComplete}==True</arg>
<arg>Exit For Loop</arg>
</arguments>
<status status="PASS" starttime="20200302 14:20:12.799" endtime="20200302 14:20:12.800"></status>
</kw>
<status status="PASS" starttime="20200302 14:20:12.794" endtime="20200302 14:20:12.800"></status>
</kw>
<kw name="${INDEX} = 11" type="foritem">
<kw name="Execute Javascript" library="SeleniumLibrary">
<doc>Executes the given JavaScript code with possible arguments.</doc>
<arguments>
<arg>return window.jQuery!=undefined &amp;&amp; jQuery.active==0</arg>
</arguments>
<assign>
<var>${IsAjaxComplete}</var>
</assign>
<msg timestamp="20200302 14:20:12.801" level="INFO">Executing JavaScript:
return window.jQuery!=undefined &amp;&amp; jQuery.active==0
Without any arguments.</msg>
<msg timestamp="20200302 14:20:12.805" level="INFO">${IsAjaxComplete} = False</msg>
<status status="PASS" starttime="20200302 14:20:12.800" endtime="20200302 14:20:12.805"></status>
</kw>
<kw name="Log" library="BuiltIn">
<doc>Logs the given message with the given level.</doc>
<arguments>
<arg>${INDEX}</arg>
</arguments>
<msg timestamp="20200302 14:20:12.805" level="INFO">11</msg>
<status status="PASS" starttime="20200302 14:20:12.805" endtime="20200302 14:20:12.805"></status>
</kw>
<kw name="Log" library="BuiltIn">
<doc>Logs the given message with the given level.</doc>
<arguments>
<arg>${IsAjaxComplete}</arg>
</arguments>
<msg timestamp="20200302 14:20:12.806" level="INFO">False</msg>
<status status="PASS" starttime="20200302 14:20:12.806" endtime="20200302 14:20:12.806"></status>
</kw>
<kw name="Run Keyword If" library="BuiltIn">
<doc>Runs the given keyword with the given arguments, if ``condition`` is true.</doc>
<arguments>
<arg>${IsAjaxComplete}==True</arg>
<arg>Exit For Loop</arg>
</arguments>
<status status="PASS" starttime="20200302 14:20:12.806" endtime="20200302 14:20:12.807"></status>
</kw>
<status status="PASS" starttime="20200302 14:20:12.800" endtime="20200302 14:20:12.807"></status>
</kw>
<kw name="${INDEX} = 12" type="foritem">
<kw name="Execute Javascript" library="SeleniumLibrary">
<doc>Executes the given JavaScript code with possible arguments.</doc>
<arguments>
<arg>return window.jQuery!=undefined &amp;&amp; jQuery.active==0</arg>
</arguments>
<assign>
<var>${IsAjaxComplete}</var>
</assign>
<msg timestamp="20200302 14:20:12.808" level="INFO">Executing JavaScript:
return window.jQuery!=undefined &amp;&amp; jQuery.active==0
Without any arguments.</msg>
<msg timestamp="20200302 14:20:12.812" level="INFO">${IsAjaxComplete} = False</msg>
<status status="PASS" starttime="20200302 14:20:12.807" endtime="20200302 14:20:12.812"></status>
</kw>
<kw name="Log" library="BuiltIn">
<doc>Logs the given message with the given level.</doc>
<arguments>
<arg>${INDEX}</arg>
</arguments>
<msg timestamp="20200302 14:20:12.813" level="INFO">12</msg>
<status status="PASS" starttime="20200302 14:20:12.813" endtime="20200302 14:20:12.814"></status>
</kw>
<kw name="Log" library="BuiltIn">
<doc>Logs the given message with the given level.</doc>
<arguments>
<arg>${IsAjaxComplete}</arg>
</arguments>
<msg timestamp="20200302 14:20:12.814" level="INFO">False</msg>
<status status="PASS" starttime="20200302 14:20:12.814" endtime="20200302 14:20:12.814"></status>
</kw>
<kw name="Run Keyword If" library="BuiltIn">
<doc>Runs the given keyword with the given arguments, if ``condition`` is true.</doc>
<arguments>
<arg>${IsAjaxComplete}==True</arg>
<arg>Exit For Loop</arg>
</arguments>
<status status="PASS" starttime="20200302 14:20:12.815" endtime="20200302 14:20:12.815"></status>
</kw>
<status status="PASS" starttime="20200302 14:20:12.807" endtime="20200302 14:20:12.815"></status>
</kw>
<kw name="${INDEX} = 13" type="foritem">
<kw name="Execute Javascript" library="SeleniumLibrary">
<doc>Executes the given JavaScript code with possible arguments.</doc>
<arguments>
<arg>return window.jQuery!=undefined &amp;&amp; jQuery.active==0</arg>
</arguments>
<assign>
<var>${IsAjaxComplete}</var>
</assign>
<msg timestamp="20200302 14:20:12.816" level="INFO">Executing JavaScript:
return window.jQuery!=undefined &amp;&amp; jQuery.active==0
Without any arguments.</msg>
<msg timestamp="20200302 14:20:12.821" level="INFO">${IsAjaxComplete} = False</msg>
<status status="PASS" starttime="20200302 14:20:12.816" endtime="20200302 14:20:12.821"></status>
</kw>
<kw name="Log" library="BuiltIn">
<doc>Logs the given message with the given level.</doc>
<arguments>
<arg>${INDEX}</arg>
</arguments>
<msg timestamp="20200302 14:20:12.821" level="INFO">13</msg>
<status status="PASS" starttime="20200302 14:20:12.821" endtime="20200302 14:20:12.821"></status>
</kw>
<kw name="Log" library="BuiltIn">
<doc>Logs the given message with the given level.</doc>
<arguments>
<arg>${IsAjaxComplete}</arg>
</arguments>
<msg timestamp="20200302 14:20:12.821" level="INFO">False</msg>
<status status="PASS" starttime="20200302 14:20:12.821" endtime="20200302 14:20:12.821"></status>
</kw>
<kw name="Run Keyword If" library="BuiltIn">
<doc>Runs the given keyword with the given arguments, if ``condition`` is true.</doc>
<arguments>
<arg>${IsAjaxComplete}==True</arg>
<arg>Exit For Loop</arg>
</arguments>
<status status="PASS" starttime="20200302 14:20:12.822" endtime="20200302 14:20:12.822"></status>
</kw>
<status status="PASS" starttime="20200302 14:20:12.815" endtime="20200302 14:20:12.822"></status>
</kw>
<kw name="${INDEX} = 14" type="foritem">
<kw name="Execute Javascript" library="SeleniumLibrary">
<doc>Executes the given JavaScript code with possible arguments.</doc>
<arguments>
<arg>return window.jQuery!=undefined &amp;&amp; jQuery.active==0</arg>
</arguments>
<assign>
<var>${IsAjaxComplete}</var>
</assign>
<msg timestamp="20200302 14:20:12.822" level="INFO">Executing JavaScript:
return window.jQuery!=undefined &amp;&amp; jQuery.active==0
Without any arguments.</msg>
<msg timestamp="20200302 14:20:12.831" level="INFO">${IsAjaxComplete} = False</msg>
<status status="PASS" starttime="20200302 14:20:12.822" endtime="20200302 14:20:12.831"></status>
</kw>
<kw name="Log" library="BuiltIn">
<doc>Logs the given message with the given level.</doc>
<arguments>
<arg>${INDEX}</arg>
</arguments>
<msg timestamp="20200302 14:20:12.831" level="INFO">14</msg>
<status status="PASS" starttime="20200302 14:20:12.831" endtime="20200302 14:20:12.831"></status>
</kw>
<kw name="Log" library="BuiltIn">
<doc>Logs the given message with the given level.</doc>
<arguments>
<arg>${IsAjaxComplete}</arg>
</arguments>
<msg timestamp="20200302 14:20:12.832" level="INFO">False</msg>
<status status="PASS" starttime="20200302 14:20:12.832" endtime="20200302 14:20:12.832"></status>
</kw>
<kw name="Run Keyword If" library="BuiltIn">
<doc>Runs the given keyword with the given arguments, if ``condition`` is true.</doc>
<arguments>
<arg>${IsAjaxComplete}==True</arg>
<arg>Exit For Loop</arg>
</arguments>
<status status="PASS" starttime="20200302 14:20:12.832" endtime="20200302 14:20:12.833"></status>
</kw>
<status status="PASS" starttime="20200302 14:20:12.822" endtime="20200302 14:20:12.833"></status>
</kw>
<kw name="${INDEX} = 15" type="foritem">
<kw name="Execute Javascript" library="SeleniumLibrary">
<doc>Executes the given JavaScript code with possible arguments.</doc>
<arguments>
<arg>return window.jQuery!=undefined &amp;&amp; jQuery.active==0</arg>
</arguments>
<assign>
<var>${IsAjaxComplete}</var>
</assign>
<msg timestamp="20200302 14:20:12.834" level="INFO">Executing JavaScript:
return window.jQuery!=undefined &amp;&amp; jQuery.active==0
Without any arguments.</msg>
<msg timestamp="20200302 14:20:12.839" level="INFO">${IsAjaxComplete} = False</msg>
<status status="PASS" starttime="20200302 14:20:12.833" endtime="20200302 14:20:12.839"></status>
</kw>
<kw name="Log" library="BuiltIn">
<doc>Logs the given message with the given level.</doc>
<arguments>
<arg>${INDEX}</arg>
</arguments>
<msg timestamp="20200302 14:20:12.839" level="INFO">15</msg>
<status status="PASS" starttime="20200302 14:20:12.839" endtime="20200302 14:20:12.840"></status>
</kw>
<kw name="Log" library="BuiltIn">
<doc>Logs the given message with the given level.</doc>
<arguments>
<arg>${IsAjaxComplete}</arg>
</arguments>
<msg timestamp="20200302 14:20:12.840" level="INFO">False</msg>
<status status="PASS" starttime="20200302 14:20:12.840" endtime="20200302 14:20:12.840"></status>
</kw>
<kw name="Run Keyword If" library="BuiltIn">
<doc>Runs the given keyword with the given arguments, if ``condition`` is true.</doc>
<arguments>
<arg>${IsAjaxComplete}==True</arg>
<arg>Exit For Loop</arg>
</arguments>
<status status="PASS" starttime="20200302 14:20:12.840" endtime="20200302 14:20:12.840"></status>
</kw>
<status status="PASS" starttime="20200302 14:20:12.833" endtime="20200302 14:20:12.840"></status>
</kw>
<kw name="${INDEX} = 16" type="foritem">
<kw name="Execute Javascript" library="SeleniumLibrary">
<doc>Executes the given JavaScript code with possible arguments.</doc>
<arguments>
<arg>return window.jQuery!=undefined &amp;&amp; jQuery.active==0</arg>
</arguments>
<assign>
<var>${IsAjaxComplete}</var>
</assign>
<msg timestamp="20200302 14:20:12.841" level="INFO">Executing JavaScript:
return window.jQuery!=undefined &amp;&amp; jQuery.active==0
Without any arguments.</msg>
<msg timestamp="20200302 14:20:12.844" level="INFO">${IsAjaxComplete} = False</msg>
<status status="PASS" starttime="20200302 14:20:12.840" endtime="20200302 14:20:12.844"></status>
</kw>
<kw name="Log" library="BuiltIn">
<doc>Logs the given message with the given level.</doc>
<arguments>
<arg>${INDEX}</arg>
</arguments>
<msg timestamp="20200302 14:20:12.844" level="INFO">16</msg>
<status status="PASS" starttime="20200302 14:20:12.844" endtime="20200302 14:20:12.844"></status>
</kw>
<kw name="Log" library="BuiltIn">
<doc>Logs the given message with the given level.</doc>
<arguments>
<arg>${IsAjaxComplete}</arg>
</arguments>
<msg timestamp="20200302 14:20:12.845" level="INFO">False</msg>
<status status="PASS" starttime="20200302 14:20:12.844" endtime="20200302 14:20:12.845"></status>
</kw>
<kw name="Run Keyword If" library="BuiltIn">
<doc>Runs the given keyword with the given arguments, if ``condition`` is true.</doc>
<arguments>
<arg>${IsAjaxComplete}==True</arg>
<arg>Exit For Loop</arg>
</arguments>
<status status="PASS" starttime="20200302 14:20:12.845" endtime="20200302 14:20:12.845"></status>
</kw>
<status status="PASS" starttime="20200302 14:20:12.840" endtime="20200302 14:20:12.845"></status>
</kw>
<kw name="${INDEX} = 17" type="foritem">
<kw name="Execute Javascript" library="SeleniumLibrary">
<doc>Executes the given JavaScript code with possible arguments.</doc>
<arguments>
<arg>return window.jQuery!=undefined &amp;&amp; jQuery.active==0</arg>
</arguments>
<assign>
<var>${IsAjaxComplete}</var>
</assign>
<msg timestamp="20200302 14:20:12.846" level="INFO">Executing JavaScript:
return window.jQuery!=undefined &amp;&amp; jQuery.active==0
Without any arguments.</msg>
<msg timestamp="20200302 14:20:12.860" level="INFO">${IsAjaxComplete} = False</msg>
<status status="PASS" starttime="20200302 14:20:12.845" endtime="20200302 14:20:12.861"></status>
</kw>
<kw name="Log" library="BuiltIn">
<doc>Logs the given message with the given level.</doc>
<arguments>
<arg>${INDEX}</arg>
</arguments>
<msg timestamp="20200302 14:20:12.861" level="INFO">17</msg>
<status status="PASS" starttime="20200302 14:20:12.861" endtime="20200302 14:20:12.861"></status>
</kw>
<kw name="Log" library="BuiltIn">
<doc>Logs the given message with the given level.</doc>
<arguments>
<arg>${IsAjaxComplete}</arg>
</arguments>
<msg timestamp="20200302 14:20:12.862" level="INFO">False</msg>
<status status="PASS" starttime="20200302 14:20:12.862" endtime="20200302 14:20:12.862"></status>
</kw>
<kw name="Run Keyword If" library="BuiltIn">
<doc>Runs the given keyword with the given arguments, if ``condition`` is true.</doc>
<arguments>
<arg>${IsAjaxComplete}==True</arg>
<arg>Exit For Loop</arg>
</arguments>
<status status="PASS" starttime="20200302 14:20:12.862" endtime="20200302 14:20:12.863"></status>
</kw>
<status status="PASS" starttime="20200302 14:20:12.845" endtime="20200302 14:20:12.863"></status>
</kw>
<kw name="${INDEX} = 18" type="foritem">
<kw name="Execute Javascript" library="SeleniumLibrary">
<doc>Executes the given JavaScript code with possible arguments.</doc>
<arguments>
<arg>return window.jQuery!=undefined &amp;&amp; jQuery.active==0</arg>
</arguments>
<assign>
<var>${IsAjaxComplete}</var>
</assign>
<msg timestamp="20200302 14:20:12.863" level="INFO">Executing JavaScript:
return window.jQuery!=undefined &amp;&amp; jQuery.active==0
Without any arguments.</msg>
<msg timestamp="20200302 14:20:12.868" level="INFO">${IsAjaxComplete} = False</msg>
<status status="PASS" starttime="20200302 14:20:12.863" endtime="20200302 14:20:12.868"></status>
</kw>
<kw name="Log" library="BuiltIn">
<doc>Logs the given message with the given level.</doc>
<arguments>
<arg>${INDEX}</arg>
</arguments>
<msg timestamp="20200302 14:20:12.868" level="INFO">18</msg>
<status status="PASS" starttime="20200302 14:20:12.868" endtime="20200302 14:20:12.868"></status>
</kw>
<kw name="Log" library="BuiltIn">
<doc>Logs the given message with the given level.</doc>
<arguments>
<arg>${IsAjaxComplete}</arg>
</arguments>
<msg timestamp="20200302 14:20:12.869" level="INFO">False</msg>
<status status="PASS" starttime="20200302 14:20:12.868" endtime="20200302 14:20:12.869"></status>
</kw>
<kw name="Run Keyword If" library="BuiltIn">
<doc>Runs the given keyword with the given arguments, if ``condition`` is true.</doc>
<arguments>
<arg>${IsAjaxComplete}==True</arg>
<arg>Exit For Loop</arg>
</arguments>
<status status="PASS" starttime="20200302 14:20:12.869" endtime="20200302 14:20:12.869"></status>
</kw>
<status status="PASS" starttime="20200302 14:20:12.863" endtime="20200302 14:20:12.869"></status>
</kw>
<kw name="${INDEX} = 19" type="foritem">
<kw name="Execute Javascript" library="SeleniumLibrary">
<doc>Executes the given JavaScript code with possible arguments.</doc>
<arguments>
<arg>return window.jQuery!=undefined &amp;&amp; jQuery.active==0</arg>
</arguments>
<assign>
<var>${IsAjaxComplete}</var>
</assign>
<msg timestamp="20200302 14:20:12.870" level="INFO">Executing JavaScript:
return window.jQuery!=undefined &amp;&amp; jQuery.active==0
Without any arguments.</msg>
<msg timestamp="20200302 14:20:12.877" level="INFO">${IsAjaxComplete} = False</msg>
<status status="PASS" starttime="20200302 14:20:12.869" endtime="20200302 14:20:12.877"></status>
</kw>
<kw name="Log" library="BuiltIn">
<doc>Logs the given message with the given level.</doc>
<arguments>
<arg>${INDEX}</arg>
</arguments>
<msg timestamp="20200302 14:20:12.877" level="INFO">19</msg>
<status status="PASS" starttime="20200302 14:20:12.877" endtime="20200302 14:20:12.877"></status>
</kw>
<kw name="Log" library="BuiltIn">
<doc>Logs the given message with the given level.</doc>
<arguments>
<arg>${IsAjaxComplete}</arg>
</arguments>
<msg timestamp="20200302 14:20:12.878" level="INFO">False</msg>
<status status="PASS" starttime="20200302 14:20:12.877" endtime="20200302 14:20:12.878"></status>
</kw>
<kw name="Run Keyword If" library="BuiltIn">
<doc>Runs the given keyword with the given arguments, if ``condition`` is true.</doc>
<arguments>
<arg>${IsAjaxComplete}==True</arg>
<arg>Exit For Loop</arg>
</arguments>
<status status="PASS" starttime="20200302 14:20:12.878" endtime="20200302 14:20:12.878"></status>
</kw>
<status status="PASS" starttime="20200302 14:20:12.869" endtime="20200302 14:20:12.878"></status>
</kw>
<kw name="${INDEX} = 20" type="foritem">
<kw name="Execute Javascript" library="SeleniumLibrary">
<doc>Executes the given JavaScript code with possible arguments.</doc>
<arguments>
<arg>return window.jQuery!=undefined &amp;&amp; jQuery.active==0</arg>
</arguments>
<assign>
<var>${IsAjaxComplete}</var>
</assign>
<msg timestamp="20200302 14:20:12.879" level="INFO">Executing JavaScript:
return window.jQuery!=undefined &amp;&amp; jQuery.active==0
Without any arguments.</msg>
<msg timestamp="20200302 14:20:12.882" level="INFO">${IsAjaxComplete} = False</msg>
<status status="PASS" starttime="20200302 14:20:12.878" endtime="20200302 14:20:12.882"></status>
</kw>
<kw name="Log" library="BuiltIn">
<doc>Logs the given message with the given level.</doc>
<arguments>
<arg>${INDEX}</arg>
</arguments>
<msg timestamp="20200302 14:20:12.883" level="INFO">20</msg>
<status status="PASS" starttime="20200302 14:20:12.882" endtime="20200302 14:20:12.883"></status>
</kw>
<kw name="Log" library="BuiltIn">
<doc>Logs the given message with the given level.</doc>
<arguments>
<arg>${IsAjaxComplete}</arg>
</arguments>
<msg timestamp="20200302 14:20:12.883" level="INFO">False</msg>
<status status="PASS" starttime="20200302 14:20:12.883" endtime="20200302 14:20:12.883"></status>
</kw>
<kw name="Run Keyword If" library="BuiltIn">
<doc>Runs the given keyword with the given arguments, if ``condition`` is true.</doc>
<arguments>
<arg>${IsAjaxComplete}==True</arg>
<arg>Exit For Loop</arg>
</arguments>
<status status="PASS" starttime="20200302 14:20:12.883" endtime="20200302 14:20:12.883"></status>
</kw>
<status status="PASS" starttime="20200302 14:20:12.878" endtime="20200302 14:20:12.883"></status>
</kw>
<kw name="${INDEX} = 21" type="foritem">
<kw name="Execute Javascript" library="SeleniumLibrary">
<doc>Executes the given JavaScript code with possible arguments.</doc>
<arguments>
<arg>return window.jQuery!=undefined &amp;&amp; jQuery.active==0</arg>
</arguments>
<assign>
<var>${IsAjaxComplete}</var>
</assign>
<msg timestamp="20200302 14:20:12.884" level="INFO">Executing JavaScript:
return window.jQuery!=undefined &amp;&amp; jQuery.active==0
Without any arguments.</msg>
<msg timestamp="20200302 14:20:12.888" level="INFO">${IsAjaxComplete} = False</msg>
<status status="PASS" starttime="20200302 14:20:12.884" endtime="20200302 14:20:12.888"></status>
</kw>
<kw name="Log" library="BuiltIn">
<doc>Logs the given message with the given level.</doc>
<arguments>
<arg>${INDEX}</arg>
</arguments>
<msg timestamp="20200302 14:20:12.888" level="INFO">21</msg>
<status status="PASS" starttime="20200302 14:20:12.888" endtime="20200302 14:20:12.888"></status>
</kw>
<kw name="Log" library="BuiltIn">
<doc>Logs the given message with the given level.</doc>
<arguments>
<arg>${IsAjaxComplete}</arg>
</arguments>
<msg timestamp="20200302 14:20:12.889" level="INFO">False</msg>
<status status="PASS" starttime="20200302 14:20:12.888" endtime="20200302 14:20:12.889"></status>
</kw>
<kw name="Run Keyword If" library="BuiltIn">
<doc>Runs the given keyword with the given arguments, if ``condition`` is true.</doc>
<arguments>
<arg>${IsAjaxComplete}==True</arg>
<arg>Exit For Loop</arg>
</arguments>
<status status="PASS" starttime="20200302 14:20:12.889" endtime="20200302 14:20:12.889"></status>
</kw>
<status status="PASS" starttime="20200302 14:20:12.883" endtime="20200302 14:20:12.889"></status>
</kw>
<kw name="${INDEX} = 22" type="foritem">
<kw name="Execute Javascript" library="SeleniumLibrary">
<doc>Executes the given JavaScript code with possible arguments.</doc>
<arguments>
<arg>return window.jQuery!=undefined &amp;&amp; jQuery.active==0</arg>
</arguments>
<assign>
<var>${IsAjaxComplete}</var>
</assign>
<msg timestamp="20200302 14:20:12.890" level="INFO">Executing JavaScript:
return window.jQuery!=undefined &amp;&amp; jQuery.active==0
Without any arguments.</msg>
<msg timestamp="20200302 14:20:12.893" level="INFO">${IsAjaxComplete} = False</msg>
<status status="PASS" starttime="20200302 14:20:12.889" endtime="20200302 14:20:12.893"></status>
</kw>
<kw name="Log" library="BuiltIn">
<doc>Logs the given message with the given level.</doc>
<arguments>
<arg>${INDEX}</arg>
</arguments>
<msg timestamp="20200302 14:20:12.894" level="INFO">22</msg>
<status status="PASS" starttime="20200302 14:20:12.893" endtime="20200302 14:20:12.894"></status>
</kw>
<kw name="Log" library="BuiltIn">
<doc>Logs the given message with the given level.</doc>
<arguments>
<arg>${IsAjaxComplete}</arg>
</arguments>
<msg timestamp="20200302 14:20:12.894" level="INFO">False</msg>
<status status="PASS" starttime="20200302 14:20:12.894" endtime="20200302 14:20:12.894"></status>
</kw>
<kw name="Run Keyword If" library="BuiltIn">
<doc>Runs the given keyword with the given arguments, if ``condition`` is true.</doc>
<arguments>
<arg>${IsAjaxComplete}==True</arg>
<arg>Exit For Loop</arg>
</arguments>
<status status="PASS" starttime="20200302 14:20:12.894" endtime="20200302 14:20:12.894"></status>
</kw>
<status status="PASS" starttime="20200302 14:20:12.889" endtime="20200302 14:20:12.894"></status>
</kw>
<kw name="${INDEX} = 23" type="foritem">
<kw name="Execute Javascript" library="SeleniumLibrary">
<doc>Executes the given JavaScript code with possible arguments.</doc>
<arguments>
<arg>return window.jQuery!=undefined &amp;&amp; jQuery.active==0</arg>
</arguments>
<assign>
<var>${IsAjaxComplete}</var>
</assign>
<msg timestamp="20200302 14:20:12.895" level="INFO">Executing JavaScript:
return window.jQuery!=undefined &amp;&amp; jQuery.active==0
Without any arguments.</msg>
<msg timestamp="20200302 14:20:12.899" level="INFO">${IsAjaxComplete} = False</msg>
<status status="PASS" starttime="20200302 14:20:12.895" endtime="20200302 14:20:12.899"></status>
</kw>
<kw name="Log" library="BuiltIn">
<doc>Logs the given message with the given level.</doc>
<arguments>
<arg>${INDEX}</arg>
</arguments>
<msg timestamp="20200302 14:20:12.899" level="INFO">23</msg>
<status status="PASS" starttime="20200302 14:20:12.899" endtime="20200302 14:20:12.899"></status>
</kw>
<kw name="Log" library="BuiltIn">
<doc>Logs the given message with the given level.</doc>
<arguments>
<arg>${IsAjaxComplete}</arg>
</arguments>
<msg timestamp="20200302 14:20:12.900" level="INFO">False</msg>
<status status="PASS" starttime="20200302 14:20:12.899" endtime="20200302 14:20:12.900"></status>
</kw>
<kw name="Run Keyword If" library="BuiltIn">
<doc>Runs the given keyword with the given arguments, if ``condition`` is true.</doc>
<arguments>
<arg>${IsAjaxComplete}==True</arg>
<arg>Exit For Loop</arg>
</arguments>
<status status="PASS" starttime="20200302 14:20:12.900" endtime="20200302 14:20:12.901"></status>
</kw>
<status status="PASS" starttime="20200302 14:20:12.894" endtime="20200302 14:20:12.901"></status>
</kw>
<kw name="${INDEX} = 24" type="foritem">
<kw name="Execute Javascript" library="SeleniumLibrary">
<doc>Executes the given JavaScript code with possible arguments.</doc>
<arguments>
<arg>return window.jQuery!=undefined &amp;&amp; jQuery.active==0</arg>
</arguments>
<assign>
<var>${IsAjaxComplete}</var>
</assign>
<msg timestamp="20200302 14:20:12.902" level="INFO">Executing JavaScript:
return window.jQuery!=undefined &amp;&amp; jQuery.active==0
Without any arguments.</msg>
<msg timestamp="20200302 14:20:12.906" level="INFO">${IsAjaxComplete} = False</msg>
<status status="PASS" starttime="20200302 14:20:12.901" endtime="20200302 14:20:12.906"></status>
</kw>
<kw name="Log" library="BuiltIn">
<doc>Logs the given message with the given level.</doc>
<arguments>
<arg>${INDEX}</arg>
</arguments>
<msg timestamp="20200302 14:20:12.907" level="INFO">24</msg>
<status status="PASS" starttime="20200302 14:20:12.906" endtime="20200302 14:20:12.907"></status>
</kw>
<kw name="Log" library="BuiltIn">
<doc>Logs the given message with the given level.</doc>
<arguments>
<arg>${IsAjaxComplete}</arg>
</arguments>
<msg timestamp="20200302 14:20:12.907" level="INFO">False</msg>
<status status="PASS" starttime="20200302 14:20:12.907" endtime="20200302 14:20:12.907"></status>
</kw>
<kw name="Run Keyword If" library="BuiltIn">
<doc>Runs the given keyword with the given arguments, if ``condition`` is true.</doc>
<arguments>
<arg>${IsAjaxComplete}==True</arg>
<arg>Exit For Loop</arg>
</arguments>
<status status="PASS" starttime="20200302 14:20:12.908" endtime="20200302 14:20:12.908"></status>
</kw>
<status status="PASS" starttime="20200302 14:20:12.901" endtime="20200302 14:20:12.908"></status>
</kw>
<kw name="${INDEX} = 25" type="foritem">
<kw name="Execute Javascript" library="SeleniumLibrary">
<doc>Executes the given JavaScript code with possible arguments.</doc>
<arguments>
<arg>return window.jQuery!=undefined &amp;&amp; jQuery.active==0</arg>
</arguments>
<assign>
<var>${IsAjaxComplete}</var>
</assign>
<msg timestamp="20200302 14:20:12.909" level="INFO">Executing JavaScript:
return window.jQuery!=undefined &amp;&amp; jQuery.active==0
Without any arguments.</msg>
<msg timestamp="20200302 14:20:12.913" level="INFO">${IsAjaxComplete} = False</msg>
<status status="PASS" starttime="20200302 14:20:12.908" endtime="20200302 14:20:12.913"></status>
</kw>
<kw name="Log" library="BuiltIn">
<doc>Logs the given message with the given level.</doc>
<arguments>
<arg>${INDEX}</arg>
</arguments>
<msg timestamp="20200302 14:20:12.914" level="INFO">25</msg>
<status status="PASS" starttime="20200302 14:20:12.914" endtime="20200302 14:20:12.914"></status>
</kw>
<kw name="Log" library="BuiltIn">
<doc>Logs the given message with the given level.</doc>
<arguments>
<arg>${IsAjaxComplete}</arg>
</arguments>
<msg timestamp="20200302 14:20:12.914" level="INFO">False</msg>
<status status="PASS" starttime="20200302 14:20:12.914" endtime="20200302 14:20:12.915"></status>
</kw>
<kw name="Run Keyword If" library="BuiltIn">
<doc>Runs the given keyword with the given arguments, if ``condition`` is true.</doc>
<arguments>
<arg>${IsAjaxComplete}==True</arg>
<arg>Exit For Loop</arg>
</arguments>
<status status="PASS" starttime="20200302 14:20:12.915" endtime="20200302 14:20:12.915"></status>
</kw>
<status status="PASS" starttime="20200302 14:20:12.908" endtime="20200302 14:20:12.915"></status>
</kw>
<kw name="${INDEX} = 26" type="foritem">
<kw name="Execute Javascript" library="SeleniumLibrary">
<doc>Executes the given JavaScript code with possible arguments.</doc>
<arguments>
<arg>return window.jQuery!=undefined &amp;&amp; jQuery.active==0</arg>
</arguments>
<assign>
<var>${IsAjaxComplete}</var>
</assign>
<msg timestamp="20200302 14:20:12.916" level="INFO">Executing JavaScript:
return window.jQuery!=undefined &amp;&amp; jQuery.active==0
Without any arguments.</msg>
<msg timestamp="20200302 14:20:12.920" level="INFO">${IsAjaxComplete} = False</msg>
<status status="PASS" starttime="20200302 14:20:12.915" endtime="20200302 14:20:12.921"></status>
</kw>
<kw name="Log" library="BuiltIn">
<doc>Logs the given message with the given level.</doc>
<arguments>
<arg>${INDEX}</arg>
</arguments>
<msg timestamp="20200302 14:20:12.921" level="INFO">26</msg>
<status status="PASS" starttime="20200302 14:20:12.921" endtime="20200302 14:20:12.921"></status>
</kw>
<kw name="Log" library="BuiltIn">
<doc>Logs the given message with the given level.</doc>
<arguments>
<arg>${IsAjaxComplete}</arg>
</arguments>
<msg timestamp="20200302 14:20:12.922" level="INFO">False</msg>
<status status="PASS" starttime="20200302 14:20:12.921" endtime="20200302 14:20:12.922"></status>
</kw>
<kw name="Run Keyword If" library="BuiltIn">
<doc>Runs the given keyword with the given arguments, if ``condition`` is true.</doc>
<arguments>
<arg>${IsAjaxComplete}==True</arg>
<arg>Exit For Loop</arg>
</arguments>
<status status="PASS" starttime="20200302 14:20:12.922" endtime="20200302 14:20:12.922"></status>
</kw>
<status status="PASS" starttime="20200302 14:20:12.915" endtime="20200302 14:20:12.922"></status>
</kw>
<kw name="${INDEX} = 27" type="foritem">
<kw name="Execute Javascript" library="SeleniumLibrary">
<doc>Executes the given JavaScript code with possible arguments.</doc>
<arguments>
<arg>return window.jQuery!=undefined &amp;&amp; jQuery.active==0</arg>
</arguments>
<assign>
<var>${IsAjaxComplete}</var>
</assign>
<msg timestamp="20200302 14:20:12.923" level="INFO">Executing JavaScript:
return window.jQuery!=undefined &amp;&amp; jQuery.active==0
Without any arguments.</msg>
<msg timestamp="20200302 14:20:12.927" level="INFO">${IsAjaxComplete} = False</msg>
<status status="PASS" starttime="20200302 14:20:12.923" endtime="20200302 14:20:12.927"></status>
</kw>
<kw name="Log" library="BuiltIn">
<doc>Logs the given message with the given level.</doc>
<arguments>
<arg>${INDEX}</arg>
</arguments>
<msg timestamp="20200302 14:20:12.927" level="INFO">27</msg>
<status status="PASS" starttime="20200302 14:20:12.927" endtime="20200302 14:20:12.927"></status>
</kw>
<kw name="Log" library="BuiltIn">
<doc>Logs the given message with the given level.</doc>
<arguments>
<arg>${IsAjaxComplete}</arg>
</arguments>
<msg timestamp="20200302 14:20:12.928" level="INFO">False</msg>
<status status="PASS" starttime="20200302 14:20:12.928" endtime="20200302 14:20:12.928"></status>
</kw>
<kw name="Run Keyword If" library="BuiltIn">
<doc>Runs the given keyword with the given arguments, if ``condition`` is true.</doc>
<arguments>
<arg>${IsAjaxComplete}==True</arg>
<arg>Exit For Loop</arg>
</arguments>
<status status="PASS" starttime="20200302 14:20:12.928" endtime="20200302 14:20:12.928"></status>
</kw>
<status status="PASS" starttime="20200302 14:20:12.922" endtime="20200302 14:20:12.928"></status>
</kw>
<kw name="${INDEX} = 28" type="foritem">
<kw name="Execute Javascript" library="SeleniumLibrary">
<doc>Executes the given JavaScript code with possible arguments.</doc>
<arguments>
<arg>return window.jQuery!=undefined &amp;&amp; jQuery.active==0</arg>
</arguments>
<assign>
<var>${IsAjaxComplete}</var>
</assign>
<msg timestamp="20200302 14:20:12.929" level="INFO">Executing JavaScript:
return window.jQuery!=undefined &amp;&amp; jQuery.active==0
Without any arguments.</msg>
<msg timestamp="20200302 14:20:12.932" level="INFO">${IsAjaxComplete} = False</msg>
<status status="PASS" starttime="20200302 14:20:12.929" endtime="20200302 14:20:12.933"></status>
</kw>
<kw name="Log" library="BuiltIn">
<doc>Logs the given message with the given level.</doc>
<arguments>
<arg>${INDEX}</arg>
</arguments>
<msg timestamp="20200302 14:20:12.933" level="INFO">28</msg>
<status status="PASS" starttime="20200302 14:20:12.933" endtime="20200302 14:20:12.933"></status>
</kw>
<kw name="Log" library="BuiltIn">
<doc>Logs the given message with the given level.</doc>
<arguments>
<arg>${IsAjaxComplete}</arg>
</arguments>
<msg timestamp="20200302 14:20:12.933" level="INFO">False</msg>
<status status="PASS" starttime="20200302 14:20:12.933" endtime="20200302 14:20:12.934"></status>
</kw>
<kw name="Run Keyword If" library="BuiltIn">
<doc>Runs the given keyword with the given arguments, if ``condition`` is true.</doc>
<arguments>
<arg>${IsAjaxComplete}==True</arg>
<arg>Exit For Loop</arg>
</arguments>
<status status="PASS" starttime="20200302 14:20:12.934" endtime="20200302 14:20:12.934"></status>
</kw>
<status status="PASS" starttime="20200302 14:20:12.928" endtime="20200302 14:20:12.934"></status>
</kw>
<kw name="${INDEX} = 29" type="foritem">
<kw name="Execute Javascript" library="SeleniumLibrary">
<doc>Executes the given JavaScript code with possible arguments.</doc>
<arguments>
<arg>return window.jQuery!=undefined &amp;&amp; jQuery.active==0</arg>
</arguments>
<assign>
<var>${IsAjaxComplete}</var>
</assign>
<msg timestamp="20200302 14:20:12.935" level="INFO">Executing JavaScript:
return window.jQuery!=undefined &amp;&amp; jQuery.active==0
Without any arguments.</msg>
<msg timestamp="20200302 14:20:12.938" level="INFO">${IsAjaxComplete} = False</msg>
<status status="PASS" starttime="20200302 14:20:12.934" endtime="20200302 14:20:12.938"></status>
</kw>
<kw name="Log" library="BuiltIn">
<doc>Logs the given message with the given level.</doc>
<arguments>
<arg>${INDEX}</arg>
</arguments>
<msg timestamp="20200302 14:20:12.938" level="INFO">29</msg>
<status status="PASS" starttime="20200302 14:20:12.938" endtime="20200302 14:20:12.939"></status>
</kw>
<kw name="Log" library="BuiltIn">
<doc>Logs the given message with the given level.</doc>
<arguments>
<arg>${IsAjaxComplete}</arg>
</arguments>
<msg timestamp="20200302 14:20:12.939" level="INFO">False</msg>
<status status="PASS" starttime="20200302 14:20:12.939" endtime="20200302 14:20:12.939"></status>
</kw>
<kw name="Run Keyword If" library="BuiltIn">
<doc>Runs the given keyword with the given arguments, if ``condition`` is true.</doc>
<arguments>
<arg>${IsAjaxComplete}==True</arg>
<arg>Exit For Loop</arg>
</arguments>
<status status="PASS" starttime="20200302 14:20:12.939" endtime="20200302 14:20:12.939"></status>
</kw>
<status status="PASS" starttime="20200302 14:20:12.934" endtime="20200302 14:20:12.939"></status>
</kw>
<kw name="${INDEX} = 30" type="foritem">
<kw name="Execute Javascript" library="SeleniumLibrary">
<doc>Executes the given JavaScript code with possible arguments.</doc>
<arguments>
<arg>return window.jQuery!=undefined &amp;&amp; jQuery.active==0</arg>
</arguments>
<assign>
<var>${IsAjaxComplete}</var>
</assign>
<msg timestamp="20200302 14:20:12.940" level="INFO">Executing JavaScript:
return window.jQuery!=undefined &amp;&amp; jQuery.active==0
Without any arguments.</msg>
<msg timestamp="20200302 14:20:12.943" level="INFO">${IsAjaxComplete} = False</msg>
<status status="PASS" starttime="20200302 14:20:12.939" endtime="20200302 14:20:12.943"></status>
</kw>
<kw name="Log" library="BuiltIn">
<doc>Logs the given message with the given level.</doc>
<arguments>
<arg>${INDEX}</arg>
</arguments>
<msg timestamp="20200302 14:20:12.943" level="INFO">30</msg>
<status status="PASS" starttime="20200302 14:20:12.943" endtime="20200302 14:20:12.943"></status>
</kw>
<kw name="Log" library="BuiltIn">
<doc>Logs the given message with the given level.</doc>
<arguments>
<arg>${IsAjaxComplete}</arg>
</arguments>
<msg timestamp="20200302 14:20:12.944" level="INFO">False</msg>
<status status="PASS" starttime="20200302 14:20:12.944" endtime="20200302 14:20:12.944"></status>
</kw>
<kw name="Run Keyword If" library="BuiltIn">
<doc>Runs the given keyword with the given arguments, if ``condition`` is true.</doc>
<arguments>
<arg>${IsAjaxComplete}==True</arg>
<arg>Exit For Loop</arg>
</arguments>
<status status="PASS" starttime="20200302 14:20:12.944" endtime="20200302 14:20:12.944"></status>
</kw>
<status status="PASS" starttime="20200302 14:20:12.939" endtime="20200302 14:20:12.944"></status>
</kw>
<kw name="${INDEX} = 31" type="foritem">
<kw name="Execute Javascript" library="SeleniumLibrary">
<doc>Executes the given JavaScript code with possible arguments.</doc>
<arguments>
<arg>return window.jQuery!=undefined &amp;&amp; jQuery.active==0</arg>
</arguments>
<assign>
<var>${IsAjaxComplete}</var>
</assign>
<msg timestamp="20200302 14:20:12.945" level="INFO">Executing JavaScript:
return window.jQuery!=undefined &amp;&amp; jQuery.active==0
Without any arguments.</msg>
<msg timestamp="20200302 14:20:12.948" level="INFO">${IsAjaxComplete} = False</msg>
<status status="PASS" starttime="20200302 14:20:12.944" endtime="20200302 14:20:12.948"></status>
</kw>
<kw name="Log" library="BuiltIn">
<doc>Logs the given message with the given level.</doc>
<arguments>
<arg>${INDEX}</arg>
</arguments>
<msg timestamp="20200302 14:20:12.948" level="INFO">31</msg>
<status status="PASS" starttime="20200302 14:20:12.948" endtime="20200302 14:20:12.949"></status>
</kw>
<kw name="Log" library="BuiltIn">
<doc>Logs the given message with the given level.</doc>
<arguments>
<arg>${IsAjaxComplete}</arg>
</arguments>
<msg timestamp="20200302 14:20:12.949" level="INFO">False</msg>
<status status="PASS" starttime="20200302 14:20:12.949" endtime="20200302 14:20:12.949"></status>
</kw>
<kw name="Run Keyword If" library="BuiltIn">
<doc>Runs the given keyword with the given arguments, if ``condition`` is true.</doc>
<arguments>
<arg>${IsAjaxComplete}==True</arg>
<arg>Exit For Loop</arg>
</arguments>
<status status="PASS" starttime="20200302 14:20:12.950" endtime="20200302 14:20:12.950"></status>
</kw>
<status status="PASS" starttime="20200302 14:20:12.944" endtime="20200302 14:20:12.950"></status>
</kw>
<kw name="${INDEX} = 32" type="foritem">
<kw name="Execute Javascript" library="SeleniumLibrary">
<doc>Executes the given JavaScript code with possible arguments.</doc>
<arguments>
<arg>return window.jQuery!=undefined &amp;&amp; jQuery.active==0</arg>
</arguments>
<assign>
<var>${IsAjaxComplete}</var>
</assign>
<msg timestamp="20200302 14:20:12.951" level="INFO">Executing JavaScript:
return window.jQuery!=undefined &amp;&amp; jQuery.active==0
Without any arguments.</msg>
<msg timestamp="20200302 14:20:12.955" level="INFO">${IsAjaxComplete} = False</msg>
<status status="PASS" starttime="20200302 14:20:12.950" endtime="20200302 14:20:12.955"></status>
</kw>
<kw name="Log" library="BuiltIn">
<doc>Logs the given message with the given level.</doc>
<arguments>
<arg>${INDEX}</arg>
</arguments>
<msg timestamp="20200302 14:20:12.956" level="INFO">32</msg>
<status status="PASS" starttime="20200302 14:20:12.955" endtime="20200302 14:20:12.956"></status>
</kw>
<kw name="Log" library="BuiltIn">
<doc>Logs the given message with the given level.</doc>
<arguments>
<arg>${IsAjaxComplete}</arg>
</arguments>
<msg timestamp="20200302 14:20:12.956" level="INFO">False</msg>
<status status="PASS" starttime="20200302 14:20:12.956" endtime="20200302 14:20:12.956"></status>
</kw>
<kw name="Run Keyword If" library="BuiltIn">
<doc>Runs the given keyword with the given arguments, if ``condition`` is true.</doc>
<arguments>
<arg>${IsAjaxComplete}==True</arg>
<arg>Exit For Loop</arg>
</arguments>
<status status="PASS" starttime="20200302 14:20:12.956" endtime="20200302 14:20:12.957"></status>
</kw>
<status status="PASS" starttime="20200302 14:20:12.950" endtime="20200302 14:20:12.957"></status>
</kw>
<kw name="${INDEX} = 33" type="foritem">
<kw name="Execute Javascript" library="SeleniumLibrary">
<doc>Executes the given JavaScript code with possible arguments.</doc>
<arguments>
<arg>return window.jQuery!=undefined &amp;&amp; jQuery.active==0</arg>
</arguments>
<assign>
<var>${IsAjaxComplete}</var>
</assign>
<msg timestamp="20200302 14:20:12.957" level="INFO">Executing JavaScript:
return window.jQuery!=undefined &amp;&amp; jQuery.active==0
Without any arguments.</msg>
<msg timestamp="20200302 14:20:12.961" level="INFO">${IsAjaxComplete} = False</msg>
<status status="PASS" starttime="20200302 14:20:12.957" endtime="20200302 14:20:12.962"></status>
</kw>
<kw name="Log" library="BuiltIn">
<doc>Logs the given message with the given level.</doc>
<arguments>
<arg>${INDEX}</arg>
</arguments>
<msg timestamp="20200302 14:20:12.962" level="INFO">33</msg>
<status status="PASS" starttime="20200302 14:20:12.962" endtime="20200302 14:20:12.962"></status>
</kw>
<kw name="Log" library="BuiltIn">
<doc>Logs the given message with the given level.</doc>
<arguments>
<arg>${IsAjaxComplete}</arg>
</arguments>
<msg timestamp="20200302 14:20:12.962" level="INFO">False</msg>
<status status="PASS" starttime="20200302 14:20:12.962" endtime="20200302 14:20:12.963"></status>
</kw>
<kw name="Run Keyword If" library="BuiltIn">
<doc>Runs the given keyword with the given arguments, if ``condition`` is true.</doc>
<arguments>
<arg>${IsAjaxComplete}==True</arg>
<arg>Exit For Loop</arg>
</arguments>
<status status="PASS" starttime="20200302 14:20:12.963" endtime="20200302 14:20:12.963"></status>
</kw>
<status status="PASS" starttime="20200302 14:20:12.957" endtime="20200302 14:20:12.963"></status>
</kw>
<kw name="${INDEX} = 34" type="foritem">
<kw name="Execute Javascript" library="SeleniumLibrary">
<doc>Executes the given JavaScript code with possible arguments.</doc>
<arguments>
<arg>return window.jQuery!=undefined &amp;&amp; jQuery.active==0</arg>
</arguments>
<assign>
<var>${IsAjaxComplete}</var>
</assign>
<msg timestamp="20200302 14:20:12.964" level="INFO">Executing JavaScript:
return window.jQuery!=undefined &amp;&amp; jQuery.active==0
Without any arguments.</msg>
<msg timestamp="20200302 14:20:12.968" level="INFO">${IsAjaxComplete} = False</msg>
<status status="PASS" starttime="20200302 14:20:12.963" endtime="20200302 14:20:12.968"></status>
</kw>
<kw name="Log" library="BuiltIn">
<doc>Logs the given message with the given level.</doc>
<arguments>
<arg>${INDEX}</arg>
</arguments>
<msg timestamp="20200302 14:20:12.969" level="INFO">34</msg>
<status status="PASS" starttime="20200302 14:20:12.969" endtime="20200302 14:20:12.969"></status>
</kw>
<kw name="Log" library="BuiltIn">
<doc>Logs the given message with the given level.</doc>
<arguments>
<arg>${IsAjaxComplete}</arg>
</arguments>
<msg timestamp="20200302 14:20:12.969" level="INFO">False</msg>
<status status="PASS" starttime="20200302 14:20:12.969" endtime="20200302 14:20:12.969"></status>
</kw>
<kw name="Run Keyword If" library="BuiltIn">
<doc>Runs the given keyword with the given arguments, if ``condition`` is true.</doc>
<arguments>
<arg>${IsAjaxComplete}==True</arg>
<arg>Exit For Loop</arg>
</arguments>
<status status="PASS" starttime="20200302 14:20:12.969" endtime="20200302 14:20:12.970"></status>
</kw>
<status status="PASS" starttime="20200302 14:20:12.963" endtime="20200302 14:20:12.970"></status>
</kw>
<kw name="${INDEX} = 35" type="foritem">
<kw name="Execute Javascript" library="SeleniumLibrary">
<doc>Executes the given JavaScript code with possible arguments.</doc>
<arguments>
<arg>return window.jQuery!=undefined &amp;&amp; jQuery.active==0</arg>
</arguments>
<assign>
<var>${IsAjaxComplete}</var>
</assign>
<msg timestamp="20200302 14:20:12.972" level="INFO">Executing JavaScript:
return window.jQuery!=undefined &amp;&amp; jQuery.active==0
Without any arguments.</msg>
<msg timestamp="20200302 14:20:12.977" level="INFO">${IsAjaxComplete} = False</msg>
<status status="PASS" starttime="20200302 14:20:12.970" endtime="20200302 14:20:12.977"></status>
</kw>
<kw name="Log" library="BuiltIn">
<doc>Logs the given message with the given level.</doc>
<arguments>
<arg>${INDEX}</arg>
</arguments>
<msg timestamp="20200302 14:20:12.977" level="INFO">35</msg>
<status status="PASS" starttime="20200302 14:20:12.977" endtime="20200302 14:20:12.978"></status>
</kw>
<kw name="Log" library="BuiltIn">
<doc>Logs the given message with the given level.</doc>
<arguments>
<arg>${IsAjaxComplete}</arg>
</arguments>
<msg timestamp="20200302 14:20:12.978" level="INFO">False</msg>
<status status="PASS" starttime="20200302 14:20:12.978" endtime="20200302 14:20:12.978"></status>
</kw>
<kw name="Run Keyword If" library="BuiltIn">
<doc>Runs the given keyword with the given arguments, if ``condition`` is true.</doc>
<arguments>
<arg>${IsAjaxComplete}==True</arg>
<arg>Exit For Loop</arg>
</arguments>
<status status="PASS" starttime="20200302 14:20:12.978" endtime="20200302 14:20:12.978"></status>
</kw>
<status status="PASS" starttime="20200302 14:20:12.970" endtime="20200302 14:20:12.978"></status>
</kw>
<kw name="${INDEX} = 36" type="foritem">
<kw name="Execute Javascript" library="SeleniumLibrary">
<doc>Executes the given JavaScript code with possible arguments.</doc>
<arguments>
<arg>return window.jQuery!=undefined &amp;&amp; jQuery.active==0</arg>
</arguments>
<assign>
<var>${IsAjaxComplete}</var>
</assign>
<msg timestamp="20200302 14:20:12.979" level="INFO">Executing JavaScript:
return window.jQuery!=undefined &amp;&amp; jQuery.active==0
Without any arguments.</msg>
<msg timestamp="20200302 14:20:12.983" level="INFO">${IsAjaxComplete} = False</msg>
<status status="PASS" starttime="20200302 14:20:12.979" endtime="20200302 14:20:12.983"></status>
</kw>
<kw name="Log" library="BuiltIn">
<doc>Logs the given message with the given level.</doc>
<arguments>
<arg>${INDEX}</arg>
</arguments>
<msg timestamp="20200302 14:20:12.983" level="INFO">36</msg>
<status status="PASS" starttime="20200302 14:20:12.983" endtime="20200302 14:20:12.983"></status>
</kw>
<kw name="Log" library="BuiltIn">
<doc>Logs the given message with the given level.</doc>
<arguments>
<arg>${IsAjaxComplete}</arg>
</arguments>
<msg timestamp="20200302 14:20:12.983" level="INFO">False</msg>
<status status="PASS" starttime="20200302 14:20:12.983" endtime="20200302 14:20:12.984"></status>
</kw>
<kw name="Run Keyword If" library="BuiltIn">
<doc>Runs the given keyword with the given arguments, if ``condition`` is true.</doc>
<arguments>
<arg>${IsAjaxComplete}==True</arg>
<arg>Exit For Loop</arg>
</arguments>
<status status="PASS" starttime="20200302 14:20:12.984" endtime="20200302 14:20:12.984"></status>
</kw>
<status status="PASS" starttime="20200302 14:20:12.978" endtime="20200302 14:20:12.984"></status>
</kw>
<kw name="${INDEX} = 37" type="foritem">
<kw name="Execute Javascript" library="SeleniumLibrary">
<doc>Executes the given JavaScript code with possible arguments.</doc>
<arguments>
<arg>return window.jQuery!=undefined &amp;&amp; jQuery.active==0</arg>
</arguments>
<assign>
<var>${IsAjaxComplete}</var>
</assign>
<msg timestamp="20200302 14:20:12.984" level="INFO">Executing JavaScript:
return window.jQuery!=undefined &amp;&amp; jQuery.active==0
Without any arguments.</msg>
<msg timestamp="20200302 14:20:12.988" level="INFO">${IsAjaxComplete} = False</msg>
<status status="PASS" starttime="20200302 14:20:12.984" endtime="20200302 14:20:12.988"></status>
</kw>
<kw name="Log" library="BuiltIn">
<doc>Logs the given message with the given level.</doc>
<arguments>
<arg>${INDEX}</arg>
</arguments>
<msg timestamp="20200302 14:20:12.989" level="INFO">37</msg>
<status status="PASS" starttime="20200302 14:20:12.988" endtime="20200302 14:20:12.989"></status>
</kw>
<kw name="Log" library="BuiltIn">
<doc>Logs the given message with the given level.</doc>
<arguments>
<arg>${IsAjaxComplete}</arg>
</arguments>
<msg timestamp="20200302 14:20:12.989" level="INFO">False</msg>
<status status="PASS" starttime="20200302 14:20:12.989" endtime="20200302 14:20:12.989"></status>
</kw>
<kw name="Run Keyword If" library="BuiltIn">
<doc>Runs the given keyword with the given arguments, if ``condition`` is true.</doc>
<arguments>
<arg>${IsAjaxComplete}==True</arg>
<arg>Exit For Loop</arg>
</arguments>
<status status="PASS" starttime="20200302 14:20:12.989" endtime="20200302 14:20:12.989"></status>
</kw>
<status status="PASS" starttime="20200302 14:20:12.984" endtime="20200302 14:20:12.990"></status>
</kw>
<kw name="${INDEX} = 38" type="foritem">
<kw name="Execute Javascript" library="SeleniumLibrary">
<doc>Executes the given JavaScript code with possible arguments.</doc>
<arguments>
<arg>return window.jQuery!=undefined &amp;&amp; jQuery.active==0</arg>
</arguments>
<assign>
<var>${IsAjaxComplete}</var>
</assign>
<msg timestamp="20200302 14:20:12.990" level="INFO">Executing JavaScript:
return window.jQuery!=undefined &amp;&amp; jQuery.active==0
Without any arguments.</msg>
<msg timestamp="20200302 14:20:12.993" level="INFO">${IsAjaxComplete} = False</msg>
<status status="PASS" starttime="20200302 14:20:12.990" endtime="20200302 14:20:12.993"></status>
</kw>
<kw name="Log" library="BuiltIn">
<doc>Logs the given message with the given level.</doc>
<arguments>
<arg>${INDEX}</arg>
</arguments>
<msg timestamp="20200302 14:20:12.994" level="INFO">38</msg>
<status status="PASS" starttime="20200302 14:20:12.993" endtime="20200302 14:20:12.994"></status>
</kw>
<kw name="Log" library="BuiltIn">
<doc>Logs the given message with the given level.</doc>
<arguments>
<arg>${IsAjaxComplete}</arg>
</arguments>
<msg timestamp="20200302 14:20:12.994" level="INFO">False</msg>
<status status="PASS" starttime="20200302 14:20:12.994" endtime="20200302 14:20:12.994"></status>
</kw>
<kw name="Run Keyword If" library="BuiltIn">
<doc>Runs the given keyword with the given arguments, if ``condition`` is true.</doc>
<arguments>
<arg>${IsAjaxComplete}==True</arg>
<arg>Exit For Loop</arg>
</arguments>
<status status="PASS" starttime="20200302 14:20:12.994" endtime="20200302 14:20:12.994"></status>
</kw>
<status status="PASS" starttime="20200302 14:20:12.990" endtime="20200302 14:20:12.994"></status>
</kw>
<kw name="${INDEX} = 39" type="foritem">
<kw name="Execute Javascript" library="SeleniumLibrary">
<doc>Executes the given JavaScript code with possible arguments.</doc>
<arguments>
<arg>return window.jQuery!=undefined &amp;&amp; jQuery.active==0</arg>
</arguments>
<assign>
<var>${IsAjaxComplete}</var>
</assign>
<msg timestamp="20200302 14:20:12.995" level="INFO">Executing JavaScript:
return window.jQuery!=undefined &amp;&amp; jQuery.active==0
Without any arguments.</msg>
<msg timestamp="20200302 14:20:12.998" level="INFO">${IsAjaxComplete} = False</msg>
<status status="PASS" starttime="20200302 14:20:12.995" endtime="20200302 14:20:12.998"></status>
</kw>
<kw name="Log" library="BuiltIn">
<doc>Logs the given message with the given level.</doc>
<arguments>
<arg>${INDEX}</arg>
</arguments>
<msg timestamp="20200302 14:20:12.999" level="INFO">39</msg>
<status status="PASS" starttime="20200302 14:20:12.999" endtime="20200302 14:20:12.999"></status>
</kw>
<kw name="Log" library="BuiltIn">
<doc>Logs the given message with the given level.</doc>
<arguments>
<arg>${IsAjaxComplete}</arg>
</arguments>
<msg timestamp="20200302 14:20:13.000" level="INFO">False</msg>
<status status="PASS" starttime="20200302 14:20:12.999" endtime="20200302 14:20:13.000"></status>
</kw>
<kw name="Run Keyword If" library="BuiltIn">
<doc>Runs the given keyword with the given arguments, if ``condition`` is true.</doc>
<arguments>
<arg>${IsAjaxComplete}==True</arg>
<arg>Exit For Loop</arg>
</arguments>
<status status="PASS" starttime="20200302 14:20:13.000" endtime="20200302 14:20:13.001"></status>
</kw>
<status status="PASS" starttime="20200302 14:20:12.995" endtime="20200302 14:20:13.001"></status>
</kw>
<kw name="${INDEX} = 40" type="foritem">
<kw name="Execute Javascript" library="SeleniumLibrary">
<doc>Executes the given JavaScript code with possible arguments.</doc>
<arguments>
<arg>return window.jQuery!=undefined &amp;&amp; jQuery.active==0</arg>
</arguments>
<assign>
<var>${IsAjaxComplete}</var>
</assign>
<msg timestamp="20200302 14:20:13.002" level="INFO">Executing JavaScript:
return window.jQuery!=undefined &amp;&amp; jQuery.active==0
Without any arguments.</msg>
<msg timestamp="20200302 14:20:13.007" level="INFO">${IsAjaxComplete} = False</msg>
<status status="PASS" starttime="20200302 14:20:13.001" endtime="20200302 14:20:13.007"></status>
</kw>
<kw name="Log" library="BuiltIn">
<doc>Logs the given message with the given level.</doc>
<arguments>
<arg>${INDEX}</arg>
</arguments>
<msg timestamp="20200302 14:20:13.007" level="INFO">40</msg>
<status status="PASS" starttime="20200302 14:20:13.007" endtime="20200302 14:20:13.007"></status>
</kw>
<kw name="Log" library="BuiltIn">
<doc>Logs the given message with the given level.</doc>
<arguments>
<arg>${IsAjaxComplete}</arg>
</arguments>
<msg timestamp="20200302 14:20:13.008" level="INFO">False</msg>
<status status="PASS" starttime="20200302 14:20:13.008" endtime="20200302 14:20:13.008"></status>
</kw>
<kw name="Run Keyword If" library="BuiltIn">
<doc>Runs the given keyword with the given arguments, if ``condition`` is true.</doc>
<arguments>
<arg>${IsAjaxComplete}==True</arg>
<arg>Exit For Loop</arg>
</arguments>
<status status="PASS" starttime="20200302 14:20:13.008" endtime="20200302 14:20:13.009"></status>
</kw>
<status status="PASS" starttime="20200302 14:20:13.001" endtime="20200302 14:20:13.009"></status>
</kw>
<kw name="${INDEX} = 41" type="foritem">
<kw name="Execute Javascript" library="SeleniumLibrary">
<doc>Executes the given JavaScript code with possible arguments.</doc>
<arguments>
<arg>return window.jQuery!=undefined &amp;&amp; jQuery.active==0</arg>
</arguments>
<assign>
<var>${IsAjaxComplete}</var>
</assign>
<msg timestamp="20200302 14:20:13.010" level="INFO">Executing JavaScript:
return window.jQuery!=undefined &amp;&amp; jQuery.active==0
Without any arguments.</msg>
<msg timestamp="20200302 14:20:13.014" level="INFO">${IsAjaxComplete} = False</msg>
<status status="PASS" starttime="20200302 14:20:13.009" endtime="20200302 14:20:13.014"></status>
</kw>
<kw name="Log" library="BuiltIn">
<doc>Logs the given message with the given level.</doc>
<arguments>
<arg>${INDEX}</arg>
</arguments>
<msg timestamp="20200302 14:20:13.015" level="INFO">41</msg>
<status status="PASS" starttime="20200302 14:20:13.015" endtime="20200302 14:20:13.015"></status>
</kw>
<kw name="Log" library="BuiltIn">
<doc>Logs the given message with the given level.</doc>
<arguments>
<arg>${IsAjaxComplete}</arg>
</arguments>
<msg timestamp="20200302 14:20:13.016" level="INFO">False</msg>
<status status="PASS" starttime="20200302 14:20:13.015" endtime="20200302 14:20:13.016"></status>
</kw>
<kw name="Run Keyword If" library="BuiltIn">
<doc>Runs the given keyword with the given arguments, if ``condition`` is true.</doc>
<arguments>
<arg>${IsAjaxComplete}==True</arg>
<arg>Exit For Loop</arg>
</arguments>
<status status="PASS" starttime="20200302 14:20:13.016" endtime="20200302 14:20:13.016"></status>
</kw>
<status status="PASS" starttime="20200302 14:20:13.009" endtime="20200302 14:20:13.016"></status>
</kw>
<kw name="${INDEX} = 42" type="foritem">
<kw name="Execute Javascript" library="SeleniumLibrary">
<doc>Executes the given JavaScript code with possible arguments.</doc>
<arguments>
<arg>return window.jQuery!=undefined &amp;&amp; jQuery.active==0</arg>
</arguments>
<assign>
<var>${IsAjaxComplete}</var>
</assign>
<msg timestamp="20200302 14:20:13.017" level="INFO">Executing JavaScript:
return window.jQuery!=undefined &amp;&amp; jQuery.active==0
Without any arguments.</msg>
<msg timestamp="20200302 14:20:13.021" level="INFO">${IsAjaxComplete} = False</msg>
<status status="PASS" starttime="20200302 14:20:13.017" endtime="20200302 14:20:13.021"></status>
</kw>
<kw name="Log" library="BuiltIn">
<doc>Logs the given message with the given level.</doc>
<arguments>
<arg>${INDEX}</arg>
</arguments>
<msg timestamp="20200302 14:20:13.021" level="INFO">42</msg>
<status status="PASS" starttime="20200302 14:20:13.021" endtime="20200302 14:20:13.021"></status>
</kw>
<kw name="Log" library="BuiltIn">
<doc>Logs the given message with the given level.</doc>
<arguments>
<arg>${IsAjaxComplete}</arg>
</arguments>
<msg timestamp="20200302 14:20:13.022" level="INFO">False</msg>
<status status="PASS" starttime="20200302 14:20:13.022" endtime="20200302 14:20:13.022"></status>
</kw>
<kw name="Run Keyword If" library="BuiltIn">
<doc>Runs the given keyword with the given arguments, if ``condition`` is true.</doc>
<arguments>
<arg>${IsAjaxComplete}==True</arg>
<arg>Exit For Loop</arg>
</arguments>
<status status="PASS" starttime="20200302 14:20:13.022" endtime="20200302 14:20:13.022"></status>
</kw>
<status status="PASS" starttime="20200302 14:20:13.017" endtime="20200302 14:20:13.022"></status>
</kw>
<kw name="${INDEX} = 43" type="foritem">
<kw name="Execute Javascript" library="SeleniumLibrary">
<doc>Executes the given JavaScript code with possible arguments.</doc>
<arguments>
<arg>return window.jQuery!=undefined &amp;&amp; jQuery.active==0</arg>
</arguments>
<assign>
<var>${IsAjaxComplete}</var>
</assign>
<msg timestamp="20200302 14:20:13.023" level="INFO">Executing JavaScript:
return window.jQuery!=undefined &amp;&amp; jQuery.active==0
Without any arguments.</msg>
<msg timestamp="20200302 14:20:13.027" level="INFO">${IsAjaxComplete} = False</msg>
<status status="PASS" starttime="20200302 14:20:13.022" endtime="20200302 14:20:13.027"></status>
</kw>
<kw name="Log" library="BuiltIn">
<doc>Logs the given message with the given level.</doc>
<arguments>
<arg>${INDEX}</arg>
</arguments>
<msg timestamp="20200302 14:20:13.027" level="INFO">43</msg>
<status status="PASS" starttime="20200302 14:20:13.027" endtime="20200302 14:20:13.027"></status>
</kw>
<kw name="Log" library="BuiltIn">
<doc>Logs the given message with the given level.</doc>
<arguments>
<arg>${IsAjaxComplete}</arg>
</arguments>
<msg timestamp="20200302 14:20:13.027" level="INFO">False</msg>
<status status="PASS" starttime="20200302 14:20:13.027" endtime="20200302 14:20:13.027"></status>
</kw>
<kw name="Run Keyword If" library="BuiltIn">
<doc>Runs the given keyword with the given arguments, if ``condition`` is true.</doc>
<arguments>
<arg>${IsAjaxComplete}==True</arg>
<arg>Exit For Loop</arg>
</arguments>
<status status="PASS" starttime="20200302 14:20:13.028" endtime="20200302 14:20:13.028"></status>
</kw>
<status status="PASS" starttime="20200302 14:20:13.022" endtime="20200302 14:20:13.028"></status>
</kw>
<kw name="${INDEX} = 44" type="foritem">
<kw name="Execute Javascript" library="SeleniumLibrary">
<doc>Executes the given JavaScript code with possible arguments.</doc>
<arguments>
<arg>return window.jQuery!=undefined &amp;&amp; jQuery.active==0</arg>
</arguments>
<assign>
<var>${IsAjaxComplete}</var>
</assign>
<msg timestamp="20200302 14:20:13.029" level="INFO">Executing JavaScript:
return window.jQuery!=undefined &amp;&amp; jQuery.active==0
Without any arguments.</msg>
<msg timestamp="20200302 14:20:13.032" level="INFO">${IsAjaxComplete} = False</msg>
<status status="PASS" starttime="20200302 14:20:13.028" endtime="20200302 14:20:13.032"></status>
</kw>
<kw name="Log" library="BuiltIn">
<doc>Logs the given message with the given level.</doc>
<arguments>
<arg>${INDEX}</arg>
</arguments>
<msg timestamp="20200302 14:20:13.033" level="INFO">44</msg>
<status status="PASS" starttime="20200302 14:20:13.033" endtime="20200302 14:20:13.033"></status>
</kw>
<kw name="Log" library="BuiltIn">
<doc>Logs the given message with the given level.</doc>
<arguments>
<arg>${IsAjaxComplete}</arg>
</arguments>
<msg timestamp="20200302 14:20:13.033" level="INFO">False</msg>
<status status="PASS" starttime="20200302 14:20:13.033" endtime="20200302 14:20:13.034"></status>
</kw>
<kw name="Run Keyword If" library="BuiltIn">
<doc>Runs the given keyword with the given arguments, if ``condition`` is true.</doc>
<arguments>
<arg>${IsAjaxComplete}==True</arg>
<arg>Exit For Loop</arg>
</arguments>
<status status="PASS" starttime="20200302 14:20:13.034" endtime="20200302 14:20:13.034"></status>
</kw>
[...]
</kw>
<kw name="Log" library="BuiltIn">
<doc>Logs the given message with the given level.</doc>
<arguments>
<arg>${INDEX}</arg>
</arguments>
<msg timestamp="20200302 14:20:15.479" level="INFO">487</msg>
<status status="PASS" starttime="20200302 14:20:15.479" endtime="20200302 14:20:15.479"></status>
</kw>
<kw name="Log" library="BuiltIn">
<doc>Logs the given message with the given level.</doc>
<arguments>
<arg>${IsAjaxComplete}</arg>
</arguments>
<msg timestamp="20200302 14:20:15.480" level="INFO">False</msg>
<status status="PASS" starttime="20200302 14:20:15.480" endtime="20200302 14:20:15.480"></status>
</kw>
<kw name="Run Keyword If" library="BuiltIn">
<doc>Runs the given keyword with the given arguments, if ``condition`` is true.</doc>
<arguments>
<arg>${IsAjaxComplete}==True</arg>
<arg>Exit For Loop</arg>
</arguments>
<status status="PASS" starttime="20200302 14:20:15.480" endtime="20200302 14:20:15.480"></status>
</kw>
<status status="PASS" starttime="20200302 14:20:15.475" endtime="20200302 14:20:15.480"></status>
</kw>
<kw name="${INDEX} = 488" type="foritem">
<kw name="Execute Javascript" library="SeleniumLibrary">
<doc>Executes the given JavaScript code with possible arguments.</doc>
<arguments>
<arg>return window.jQuery!=undefined &amp;&amp; jQuery.active==0</arg>
</arguments>
<assign>
<var>${IsAjaxComplete}</var>
</assign>
<msg timestamp="20200302 14:20:15.481" level="INFO">Executing JavaScript:
return window.jQuery!=undefined &amp;&amp; jQuery.active==0
Without any arguments.</msg>
<msg timestamp="20200302 14:20:15.484" level="INFO">${IsAjaxComplete} = False</msg>
<status status="PASS" starttime="20200302 14:20:15.480" endtime="20200302 14:20:15.484"></status>
</kw>
<kw name="Log" library="BuiltIn">
<doc>Logs the given message with the given level.</doc>
<arguments>
<arg>${INDEX}</arg>
</arguments>
<msg timestamp="20200302 14:20:15.485" level="INFO">488</msg>
<status status="PASS" starttime="20200302 14:20:15.484" endtime="20200302 14:20:15.485"></status>
</kw>
<kw name="Log" library="BuiltIn">
<doc>Logs the given message with the given level.</doc>
<arguments>
<arg>${IsAjaxComplete}</arg>
</arguments>
<msg timestamp="20200302 14:20:15.485" level="INFO">False</msg>
<status status="PASS" starttime="20200302 14:20:15.485" endtime="20200302 14:20:15.485"></status>
</kw>
<kw name="Run Keyword If" library="BuiltIn">
<doc>Runs the given keyword with the given arguments, if ``condition`` is true.</doc>
<arguments>
<arg>${IsAjaxComplete}==True</arg>
<arg>Exit For Loop</arg>
</arguments>
<status status="PASS" starttime="20200302 14:20:15.485" endtime="20200302 14:20:15.485"></status>
</kw>
<status status="PASS" starttime="20200302 14:20:15.480" endtime="20200302 14:20:15.485"></status>
</kw>
<kw name="${INDEX} = 489" type="foritem">
<kw name="Execute Javascript" library="SeleniumLibrary">
<doc>Executes the given JavaScript code with possible arguments.</doc>
<arguments>
<arg>return window.jQuery!=undefined &amp;&amp; jQuery.active==0</arg>
</arguments>
<assign>
<var>${IsAjaxComplete}</var>
</assign>
<msg timestamp="20200302 14:20:15.486" level="INFO">Executing JavaScript:
return window.jQuery!=undefined &amp;&amp; jQuery.active==0
Without any arguments.</msg>
<msg timestamp="20200302 14:20:15.489" level="INFO">${IsAjaxComplete} = False</msg>
<status status="PASS" starttime="20200302 14:20:15.486" endtime="20200302 14:20:15.489"></status>
</kw>
<kw name="Log" library="BuiltIn">
<doc>Logs the given message with the given level.</doc>
<arguments>
<arg>${INDEX}</arg>
</arguments>
<msg timestamp="20200302 14:20:15.490" level="INFO">489</msg>
<status status="PASS" starttime="20200302 14:20:15.489" endtime="20200302 14:20:15.490"></status>
</kw>
<kw name="Log" library="BuiltIn">
<doc>Logs the given message with the given level.</doc>
<arguments>
<arg>${IsAjaxComplete}</arg>
</arguments>
<msg timestamp="20200302 14:20:15.490" level="INFO">False</msg>
<status status="PASS" starttime="20200302 14:20:15.490" endtime="20200302 14:20:15.490"></status>
</kw>
<kw name="Run Keyword If" library="BuiltIn">
<doc>Runs the given keyword with the given arguments, if ``condition`` is true.</doc>
<arguments>
<arg>${IsAjaxComplete}==True</arg>
<arg>Exit For Loop</arg>
</arguments>
<status status="PASS" starttime="20200302 14:20:15.490" endtime="20200302 14:20:15.490"></status>
</kw>
<status status="PASS" starttime="20200302 14:20:15.485" endtime="20200302 14:20:15.490"></status>
</kw>
<kw name="${INDEX} = 490" type="foritem">
<kw name="Execute Javascript" library="SeleniumLibrary">
<doc>Executes the given JavaScript code with possible arguments.</doc>
<arguments>
<arg>return window.jQuery!=undefined &amp;&amp; jQuery.active==0</arg>
</arguments>
<assign>
<var>${IsAjaxComplete}</var>
</assign>
<msg timestamp="20200302 14:20:15.491" level="INFO">Executing JavaScript:
return window.jQuery!=undefined &amp;&amp; jQuery.active==0
Without any arguments.</msg>
<msg timestamp="20200302 14:20:15.495" level="INFO">${IsAjaxComplete} = False</msg>
<status status="PASS" starttime="20200302 14:20:15.491" endtime="20200302 14:20:15.495"></status>
</kw>
<kw name="Log" library="BuiltIn">
<doc>Logs the given message with the given level.</doc>
<arguments>
<arg>${INDEX}</arg>
</arguments>
<msg timestamp="20200302 14:20:15.495" level="INFO">490</msg>
<status status="PASS" starttime="20200302 14:20:15.495" endtime="20200302 14:20:15.495"></status>
</kw>
<kw name="Log" library="BuiltIn">
<doc>Logs the given message with the given level.</doc>
<arguments>
<arg>${IsAjaxComplete}</arg>
</arguments>
<msg timestamp="20200302 14:20:15.495" level="INFO">False</msg>
<status status="PASS" starttime="20200302 14:20:15.495" endtime="20200302 14:20:15.495"></status>
</kw>
<kw name="Run Keyword If" library="BuiltIn">
<doc>Runs the given keyword with the given arguments, if ``condition`` is true.</doc>
<arguments>
<arg>${IsAjaxComplete}==True</arg>
<arg>Exit For Loop</arg>
</arguments>
<status status="PASS" starttime="20200302 14:20:15.496" endtime="20200302 14:20:15.496"></status>
</kw>
<status status="PASS" starttime="20200302 14:20:15.490" endtime="20200302 14:20:15.496"></status>
</kw>
<kw name="${INDEX} = 491" type="foritem">
<kw name="Execute Javascript" library="SeleniumLibrary">
<doc>Executes the given JavaScript code with possible arguments.</doc>
<arguments>
<arg>return window.jQuery!=undefined &amp;&amp; jQuery.active==0</arg>
</arguments>
<assign>
<var>${IsAjaxComplete}</var>
</assign>
<msg timestamp="20200302 14:20:15.496" level="INFO">Executing JavaScript:
return window.jQuery!=undefined &amp;&amp; jQuery.active==0
Without any arguments.</msg>
<msg timestamp="20200302 14:20:15.500" level="INFO">${IsAjaxComplete} = False</msg>
<status status="PASS" starttime="20200302 14:20:15.496" endtime="20200302 14:20:15.500"></status>
</kw>
<kw name="Log" library="BuiltIn">
<doc>Logs the given message with the given level.</doc>
<arguments>
<arg>${INDEX}</arg>
</arguments>
<msg timestamp="20200302 14:20:15.501" level="INFO">491</msg>
<status status="PASS" starttime="20200302 14:20:15.501" endtime="20200302 14:20:15.501"></status>
</kw>
<kw name="Log" library="BuiltIn">
<doc>Logs the given message with the given level.</doc>
<arguments>
<arg>${IsAjaxComplete}</arg>
</arguments>
<msg timestamp="20200302 14:20:15.502" level="INFO">False</msg>
<status status="PASS" starttime="20200302 14:20:15.501" endtime="20200302 14:20:15.502"></status>
</kw>
<kw name="Run Keyword If" library="BuiltIn">
<doc>Runs the given keyword with the given arguments, if ``condition`` is true.</doc>
<arguments>
<arg>${IsAjaxComplete}==True</arg>
<arg>Exit For Loop</arg>
</arguments>
<status status="PASS" starttime="20200302 14:20:15.502" endtime="20200302 14:20:15.502"></status>
</kw>
<status status="PASS" starttime="20200302 14:20:15.496" endtime="20200302 14:20:15.502"></status>
</kw>
<kw name="${INDEX} = 492" type="foritem">
<kw name="Execute Javascript" library="SeleniumLibrary">
<doc>Executes the given JavaScript code with possible arguments.</doc>
<arguments>
<arg>return window.jQuery!=undefined &amp;&amp; jQuery.active==0</arg>
</arguments>
<assign>
<var>${IsAjaxComplete}</var>
</assign>
<msg timestamp="20200302 14:20:15.503" level="INFO">Executing JavaScript:
return window.jQuery!=undefined &amp;&amp; jQuery.active==0
Without any arguments.</msg>
<msg timestamp="20200302 14:20:15.507" level="INFO">${IsAjaxComplete} = False</msg>
<status status="PASS" starttime="20200302 14:20:15.503" endtime="20200302 14:20:15.507"></status>
</kw>
<kw name="Log" library="BuiltIn">
<doc>Logs the given message with the given level.</doc>
<arguments>
<arg>${INDEX}</arg>
</arguments>
<msg timestamp="20200302 14:20:15.507" level="INFO">492</msg>
<status status="PASS" starttime="20200302 14:20:15.507" endtime="20200302 14:20:15.507"></status>
</kw>
<kw name="Log" library="BuiltIn">
<doc>Logs the given message with the given level.</doc>
<arguments>
<arg>${IsAjaxComplete}</arg>
</arguments>
<msg timestamp="20200302 14:20:15.508" level="INFO">False</msg>
<status status="PASS" starttime="20200302 14:20:15.507" endtime="20200302 14:20:15.508"></status>
</kw>
<kw name="Run Keyword If" library="BuiltIn">
<doc>Runs the given keyword with the given arguments, if ``condition`` is true.</doc>
<arguments>
<arg>${IsAjaxComplete}==True</arg>
<arg>Exit For Loop</arg>
</arguments>
<status status="PASS" starttime="20200302 14:20:15.508" endtime="20200302 14:20:15.508"></status>
</kw>
<status status="PASS" starttime="20200302 14:20:15.503" endtime="20200302 14:20:15.508"></status>
</kw>
<kw name="${INDEX} = 493" type="foritem">
<kw name="Execute Javascript" library="SeleniumLibrary">
<doc>Executes the given JavaScript code with possible arguments.</doc>
<arguments>
<arg>return window.jQuery!=undefined &amp;&amp; jQuery.active==0</arg>
</arguments>
<assign>
<var>${IsAjaxComplete}</var>
</assign>
<msg timestamp="20200302 14:20:15.508" level="INFO">Executing JavaScript:
return window.jQuery!=undefined &amp;&amp; jQuery.active==0
Without any arguments.</msg>
<msg timestamp="20200302 14:20:15.512" level="INFO">${IsAjaxComplete} = False</msg>
<status status="PASS" starttime="20200302 14:20:15.508" endtime="20200302 14:20:15.512"></status>
</kw>
<kw name="Log" library="BuiltIn">
<doc>Logs the given message with the given level.</doc>
<arguments>
<arg>${INDEX}</arg>
</arguments>
<msg timestamp="20200302 14:20:15.512" level="INFO">493</msg>
<status status="PASS" starttime="20200302 14:20:15.512" endtime="20200302 14:20:15.512"></status>
</kw>
<kw name="Log" library="BuiltIn">
<doc>Logs the given message with the given level.</doc>
<arguments>
<arg>${IsAjaxComplete}</arg>
</arguments>
<msg timestamp="20200302 14:20:15.513" level="INFO">False</msg>
<status status="PASS" starttime="20200302 14:20:15.512" endtime="20200302 14:20:15.513"></status>
</kw>
<kw name="Run Keyword If" library="BuiltIn">
<doc>Runs the given keyword with the given arguments, if ``condition`` is true.</doc>
<arguments>
<arg>${IsAjaxComplete}==True</arg>
<arg>Exit For Loop</arg>
</arguments>
<status status="PASS" starttime="20200302 14:20:15.513" endtime="20200302 14:20:15.513"></status>
</kw>
<status status="PASS" starttime="20200302 14:20:15.508" endtime="20200302 14:20:15.513"></status>
</kw>
<kw name="${INDEX} = 494" type="foritem">
<kw name="Execute Javascript" library="SeleniumLibrary">
<doc>Executes the given JavaScript code with possible arguments.</doc>
<arguments>
<arg>return window.jQuery!=undefined &amp;&amp; jQuery.active==0</arg>
</arguments>
<assign>
<var>${IsAjaxComplete}</var>
</assign>
<msg timestamp="20200302 14:20:15.514" level="INFO">Executing JavaScript:
return window.jQuery!=undefined &amp;&amp; jQuery.active==0
Without any arguments.</msg>
<msg timestamp="20200302 14:20:15.518" level="INFO">${IsAjaxComplete} = False</msg>
<status status="PASS" starttime="20200302 14:20:15.513" endtime="20200302 14:20:15.518"></status>
</kw>
<kw name="Log" library="BuiltIn">
<doc>Logs the given message with the given level.</doc>
<arguments>
<arg>${INDEX}</arg>
</arguments>
<msg timestamp="20200302 14:20:15.518" level="INFO">494</msg>
<status status="PASS" starttime="20200302 14:20:15.518" endtime="20200302 14:20:15.518"></status>
</kw>
<kw name="Log" library="BuiltIn">
<doc>Logs the given message with the given level.</doc>
<arguments>
<arg>${IsAjaxComplete}</arg>
</arguments>
<msg timestamp="20200302 14:20:15.519" level="INFO">False</msg>
<status status="PASS" starttime="20200302 14:20:15.519" endtime="20200302 14:20:15.519"></status>
</kw>
<kw name="Run Keyword If" library="BuiltIn">
<doc>Runs the given keyword with the given arguments, if ``condition`` is true.</doc>
<arguments>
<arg>${IsAjaxComplete}==True</arg>
<arg>Exit For Loop</arg>
</arguments>
<status status="PASS" starttime="20200302 14:20:15.519" endtime="20200302 14:20:15.519"></status>
</kw>
<status status="PASS" starttime="20200302 14:20:15.513" endtime="20200302 14:20:15.519"></status>
</kw>
<kw name="${INDEX} = 495" type="foritem">
<kw name="Execute Javascript" library="SeleniumLibrary">
<doc>Executes the given JavaScript code with possible arguments.</doc>
<arguments>
<arg>return window.jQuery!=undefined &amp;&amp; jQuery.active==0</arg>
</arguments>
<assign>
<var>${IsAjaxComplete}</var>
</assign>
<msg timestamp="20200302 14:20:15.520" level="INFO">Executing JavaScript:
return window.jQuery!=undefined &amp;&amp; jQuery.active==0
Without any arguments.</msg>
<msg timestamp="20200302 14:20:15.523" level="INFO">${IsAjaxComplete} = False</msg>
<status status="PASS" starttime="20200302 14:20:15.519" endtime="20200302 14:20:15.524"></status>
</kw>
<kw name="Log" library="BuiltIn">
<doc>Logs the given message with the given level.</doc>
<arguments>
<arg>${INDEX}</arg>
</arguments>
<msg timestamp="20200302 14:20:15.524" level="INFO">495</msg>
<status status="PASS" starttime="20200302 14:20:15.524" endtime="20200302 14:20:15.524"></status>
</kw>
<kw name="Log" library="BuiltIn">
<doc>Logs the given message with the given level.</doc>
<arguments>
<arg>${IsAjaxComplete}</arg>
</arguments>
<msg timestamp="20200302 14:20:15.524" level="INFO">False</msg>
<status status="PASS" starttime="20200302 14:20:15.524" endtime="20200302 14:20:15.524"></status>
</kw>
<kw name="Run Keyword If" library="BuiltIn">
<doc>Runs the given keyword with the given arguments, if ``condition`` is true.</doc>
<arguments>
<arg>${IsAjaxComplete}==True</arg>
<arg>Exit For Loop</arg>
</arguments>
<status status="PASS" starttime="20200302 14:20:15.525" endtime="20200302 14:20:15.525"></status>
</kw>
<status status="PASS" starttime="20200302 14:20:15.519" endtime="20200302 14:20:15.525"></status>
</kw>
<kw name="${INDEX} = 496" type="foritem">
<kw name="Execute Javascript" library="SeleniumLibrary">
<doc>Executes the given JavaScript code with possible arguments.</doc>
<arguments>
<arg>return window.jQuery!=undefined &amp;&amp; jQuery.active==0</arg>
</arguments>
<assign>
<var>${IsAjaxComplete}</var>
</assign>
<msg timestamp="20200302 14:20:15.525" level="INFO">Executing JavaScript:
return window.jQuery!=undefined &amp;&amp; jQuery.active==0
Without any arguments.</msg>
<msg timestamp="20200302 14:20:15.529" level="INFO">${IsAjaxComplete} = False</msg>
<status status="PASS" starttime="20200302 14:20:15.525" endtime="20200302 14:20:15.529"></status>
</kw>
<kw name="Log" library="BuiltIn">
<doc>Logs the given message with the given level.</doc>
<arguments>
<arg>${INDEX}</arg>
</arguments>
<msg timestamp="20200302 14:20:15.529" level="INFO">496</msg>
<status status="PASS" starttime="20200302 14:20:15.529" endtime="20200302 14:20:15.530"></status>
</kw>
<kw name="Log" library="BuiltIn">
<doc>Logs the given message with the given level.</doc>
<arguments>
<arg>${IsAjaxComplete}</arg>
</arguments>
<msg timestamp="20200302 14:20:15.530" level="INFO">False</msg>
<status status="PASS" starttime="20200302 14:20:15.530" endtime="20200302 14:20:15.530"></status>
</kw>
<kw name="Run Keyword If" library="BuiltIn">
<doc>Runs the given keyword with the given arguments, if ``condition`` is true.</doc>
<arguments>
<arg>${IsAjaxComplete}==True</arg>
<arg>Exit For Loop</arg>
</arguments>
<status status="PASS" starttime="20200302 14:20:15.530" endtime="20200302 14:20:15.530"></status>
</kw>
<status status="PASS" starttime="20200302 14:20:15.525" endtime="20200302 14:20:15.530"></status>
</kw>
<kw name="${INDEX} = 497" type="foritem">
<kw name="Execute Javascript" library="SeleniumLibrary">
<doc>Executes the given JavaScript code with possible arguments.</doc>
<arguments>
<arg>return window.jQuery!=undefined &amp;&amp; jQuery.active==0</arg>
</arguments>
<assign>
<var>${IsAjaxComplete}</var>
</assign>
<msg timestamp="20200302 14:20:15.531" level="INFO">Executing JavaScript:
return window.jQuery!=undefined &amp;&amp; jQuery.active==0
Without any arguments.</msg>
<msg timestamp="20200302 14:20:15.579" level="INFO">${IsAjaxComplete} = True</msg>
<status status="PASS" starttime="20200302 14:20:15.531" endtime="20200302 14:20:15.579"></status>
</kw>
<kw name="Log" library="BuiltIn">
<doc>Logs the given message with the given level.</doc>
<arguments>
<arg>${INDEX}</arg>
</arguments>
<msg timestamp="20200302 14:20:15.579" level="INFO">497</msg>
<status status="PASS" starttime="20200302 14:20:15.579" endtime="20200302 14:20:15.579"></status>
</kw>
<kw name="Log" library="BuiltIn">
<doc>Logs the given message with the given level.</doc>
<arguments>
<arg>${IsAjaxComplete}</arg>
</arguments>
<msg timestamp="20200302 14:20:15.580" level="INFO">True</msg>
<status status="PASS" starttime="20200302 14:20:15.580" endtime="20200302 14:20:15.580"></status>
</kw>
<kw name="Run Keyword If" library="BuiltIn">
<doc>Runs the given keyword with the given arguments, if ``condition`` is true.</doc>
<arguments>
<arg>${IsAjaxComplete}==True</arg>
<arg>Exit For Loop</arg>
</arguments>
<kw name="Exit For Loop" library="BuiltIn">
<doc>Stops executing the enclosing for loop.</doc>
<msg timestamp="20200302 14:20:15.581" level="INFO">Exiting for loop altogether.</msg>
<status status="PASS" starttime="20200302 14:20:15.581" endtime="20200302 14:20:15.582"></status>
</kw>
<status status="PASS" starttime="20200302 14:20:15.580" endtime="20200302 14:20:15.582"></status>
</kw>
<status status="PASS" starttime="20200302 14:20:15.530" endtime="20200302 14:20:15.582"></status>
</kw>
<status status="PASS" starttime="20200302 14:20:12.605" endtime="20200302 14:20:15.582"></status>
</kw>
<kw name="Page Should Not Contain Element" library="SeleniumLibrary">
<doc>Verifies that element ``locator`` is found on the current page.</doc>
<arguments>
<arg>class=sorry</arg>
</arguments>
<msg timestamp="20200302 14:20:20.591" level="INFO">Current page does not contain element 'class=sorry'.</msg>
<status status="PASS" starttime="20200302 14:20:15.582" endtime="20200302 14:20:20.591"></status>
</kw>
<status status="PASS" starttime="20200302 14:20:12.521" endtime="20200302 14:20:20.591"></status>
</kw>
<tags>
<tag>test_webform</tag>
</tags>
<status status="PASS" starttime="20200302 14:20:11.951" endtime="20200302 14:20:20.592" critical="yes"></status>
</test>
<kw name="Close Browsers" library="test_webform" type="teardown">
<kw name="Close All Browsers" library="SeleniumLibrary">
<doc>Closes all open browsers and resets the browser cache.</doc>
<status status="PASS" starttime="20200302 14:20:20.593" endtime="20200302 14:20:20.695"></status>
</kw>
<status status="PASS" starttime="20200302 14:20:20.593" endtime="20200302 14:20:20.695"></status>
</kw>
<status status="PASS" starttime="20200302 14:19:58.876" endtime="20200302 14:20:20.695"></status>
</suite>
<statistics>
<total>
<stat pass="1" fail="0">Critical Tests</stat>
<stat pass="1" fail="0">All Tests</stat>
</total>
<tag>
<stat pass="1" fail="0">test_webform</stat>
</tag>
<suite>
<stat pass="1" fail="0" id="s1" name="Test">Test</stat>
</suite>
</statistics>
<errors>
</errors>
</robot>
